Linux 5.15.0-97-generic (dev-os) 	03/09/24 	_x86_64_	(4 CPU)

01:40:09      UID       PID   kB_rd/s   kB_wr/s kB_ccwr/s iodelay  Command
01:40:09     1000   1927930      0.00      0.10      0.00       0  stress-ng
01:40:09     1000   1927931      0.00      0.10      0.00       0  stress-ng
01:40:09     1000   1927932      0.00      0.13      0.00       0  stress-ng
01:40:09     1000   1927933      0.00      0.11      0.00       0  stress-ng
01:40:09     1000   1927934      0.00      0.11      0.00       0  stress-ng
01:40:09     1000   1927935      0.00      0.11      0.00       0  stress-ng
01:40:09     1000   1927936      0.00      0.13      0.00       0  stress-ng
01:40:09     1000   1927937      0.00      0.11      0.00       0  stress-ng
01:40:09     1000   1927938      0.00      0.11      0.00       0  stress-ng
01:40:09     1000   1927939      0.00      0.11      0.00       0  stress-ng
Linux 5.15.0-97-generic (dev-os) 	03/09/24 	_x86_64_	(4 CPU)

01:40:10      UID       PID   kB_rd/s   kB_wr/s kB_ccwr/s iodelay  Command
01:40:10     1000   1927930      0.00      0.10      0.00       0  stress-ng
01:40:10     1000   1927931      0.00      0.11      0.00       0  stress-ng
01:40:10     1000   1927932      0.00      0.13      0.00       0  stress-ng
01:40:10     1000   1927933      0.00      0.11      0.00       0  stress-ng
01:40:10     1000   1927934      0.00      0.11      0.00       0  stress-ng
01:40:10     1000   1927935      0.00      0.11      0.00       0  stress-ng
01:40:10     1000   1927936      0.00      0.13      0.00       0  stress-ng
01:40:10     1000   1927937      0.00      0.11      0.00       0  stress-ng
01:40:10     1000   1927938      0.00      0.11      0.00       0  stress-ng
01:40:10     1000   1927939      0.00      0.11      0.00       0  stress-ng
Linux 5.15.0-97-generic (dev-os) 	03/09/24 	_x86_64_	(4 CPU)

01:40:11      UID       PID   kB_rd/s   kB_wr/s kB_ccwr/s iodelay  Command
01:40:11     1000   1927930      0.00      0.10      0.00       0  stress-ng
01:40:11     1000   1927931      0.00      0.11      0.00       0  stress-ng
01:40:11     1000   1927932      0.00      0.13      0.00       0  stress-ng
01:40:11     1000   1927933      0.00      0.11      0.00       0  stress-ng
01:40:11     1000   1927934      0.00      0.11      0.00       0  stress-ng
01:40:11     1000   1927935      0.00      0.11      0.00       0  stress-ng
01:40:11     1000   1927936      0.00      0.13      0.00       0  stress-ng
01:40:11     1000   1927937      0.00      0.11      0.00       0  stress-ng
01:40:11     1000   1927938      0.00      0.11      0.00       0  stress-ng
01:40:11     1000   1927939      0.00      0.11      0.00       0  stress-ng
Linux 5.15.0-97-generic (dev-os) 	03/09/24 	_x86_64_	(4 CPU)

01:40:12      UID       PID   kB_rd/s   kB_wr/s kB_ccwr/s iodelay  Command
01:40:12     1000   1927930      0.00      0.10      0.00       0  stress-ng
01:40:12     1000   1927931      0.00      0.11      0.00       0  stress-ng
01:40:12     1000   1927932      0.00      0.13      0.00       0  stress-ng
01:40:12     1000   1927933      0.00      0.11      0.00       0  stress-ng
01:40:12     1000   1927934      0.00      0.11      0.00       0  stress-ng
01:40:12     1000   1927935      0.00      0.11      0.00       0  stress-ng
01:40:12     1000   1927936      0.00      0.13      0.00       0  stress-ng
01:40:12     1000   1927937      0.00      0.11      0.00       0  stress-ng
01:40:12     1000   1927938      0.00      0.11      0.00       0  stress-ng
01:40:12     1000   1927939      0.00      0.11      0.00       0  stress-ng
Linux 5.15.0-97-generic (dev-os) 	03/09/24 	_x86_64_	(4 CPU)

01:40:13      UID       PID   kB_rd/s   kB_wr/s kB_ccwr/s iodelay  Command
01:40:13     1000   1927930      0.00      0.10      0.00       0  stress-ng
01:40:13     1000   1927931      0.00      0.11      0.00       0  stress-ng
01:40:13     1000   1927932      0.00      0.13      0.00       0  stress-ng
01:40:13     1000   1927933      0.00      0.11      0.00       0  stress-ng
01:40:13     1000   1927934      0.00      0.11      0.00       0  stress-ng
01:40:13     1000   1927935      0.00      0.11      0.00       0  stress-ng
01:40:13     1000   1927936      0.00      0.13      0.00       0  stress-ng
01:40:13     1000   1927937      0.00      0.11      0.00       0  stress-ng
01:40:13     1000   1927938      0.00      0.11      0.00       0  stress-ng
01:40:13     1000   1927939      0.00      0.11      0.00       0  stress-ng
Linux 5.15.0-97-generic (dev-os) 	03/09/24 	_x86_64_	(4 CPU)

01:40:14      UID       PID   kB_rd/s   kB_wr/s kB_ccwr/s iodelay  Command
01:40:14     1000   1927930      0.00      0.10      0.00       0  stress-ng
01:40:14     1000   1927931      0.00      0.11      0.00       0  stress-ng
01:40:14     1000   1927932      0.00      0.13      0.00       0  stress-ng
01:40:14     1000   1927933      0.00      0.11      0.00       0  stress-ng
01:40:14     1000   1927934      0.00      0.11      0.00       0  stress-ng
01:40:14     1000   1927935      0.00      0.11      0.00       0  stress-ng
01:40:14     1000   1927936      0.00      0.13      0.00       0  stress-ng
01:40:14     1000   1927937      0.00      0.11      0.00       0  stress-ng
01:40:14     1000   1927938      0.00      0.11      0.00       0  stress-ng
01:40:14     1000   1927939      0.00      0.11      0.00       0  stress-ng
Linux 5.15.0-97-generic (dev-os) 	03/09/24 	_x86_64_	(4 CPU)

01:40:15      UID       PID   kB_rd/s   kB_wr/s kB_ccwr/s iodelay  Command
01:40:15     1000   1927930      0.00      0.10      0.00       0  stress-ng
01:40:15     1000   1927931      0.00      0.11      0.00       0  stress-ng
01:40:15     1000   1927932      0.00      0.13      0.00       0  stress-ng
01:40:15     1000   1927933      0.00      0.11      0.00       0  stress-ng
01:40:15     1000   1927934      0.00      0.11      0.00       0  stress-ng
01:40:15     1000   1927935      0.00      0.11      0.00       0  stress-ng
01:40:15     1000   1927936      0.00      0.13      0.00       0  stress-ng
01:40:15     1000   1927937      0.00      0.11      0.00       0  stress-ng
01:40:15     1000   1927938      0.00      0.11      0.00       0  stress-ng
01:40:15     1000   1927939      0.00      0.11      0.00       0  stress-ng
Linux 5.15.0-97-generic (dev-os) 	03/09/24 	_x86_64_	(4 CPU)

01:40:16      UID       PID   kB_rd/s   kB_wr/s kB_ccwr/s iodelay  Command
01:40:16     1000   1927930      0.00      0.11      0.00       0  stress-ng
01:40:16     1000   1927931      0.00      0.11      0.00       0  stress-ng
01:40:16     1000   1927932      0.00      0.13      0.00       0  stress-ng
01:40:16     1000   1927933      0.00      0.11      0.00       0  stress-ng
01:40:16     1000   1927934      0.00      0.11      0.00       0  stress-ng
01:40:16     1000   1927935      0.00      0.11      0.00       0  stress-ng
01:40:16     1000   1927936      0.00      0.13      0.00       0  stress-ng
01:40:16     1000   1927937      0.00      0.11      0.00       0  stress-ng
01:40:16     1000   1927938      0.00      0.11      0.00       0  stress-ng
01:40:16     1000   1927939      0.00      0.11      0.00       0  stress-ng
Linux 5.15.0-97-generic (dev-os) 	03/09/24 	_x86_64_	(4 CPU)

01:40:17      UID       PID   kB_rd/s   kB_wr/s kB_ccwr/s iodelay  Command
01:40:17     1000   1927930      0.00      0.11      0.00       0  stress-ng
01:40:17     1000   1927931      0.00      0.11      0.00       0  stress-ng
01:40:17     1000   1927932      0.00      0.13      0.00       0  stress-ng
01:40:17     1000   1927933      0.00      0.11      0.00       0  stress-ng
01:40:17     1000   1927934      0.00      0.11      0.00       0  stress-ng
01:40:17     1000   1927935      0.00      0.11      0.00       0  stress-ng
01:40:17     1000   1927936      0.00      0.13      0.00       0  stress-ng
01:40:17     1000   1927937      0.00      0.11      0.00       0  stress-ng
01:40:17     1000   1927938      0.00      0.11      0.00       0  stress-ng
01:40:17     1000   1927939      0.00      0.11      0.00       0  stress-ng
Linux 5.15.0-97-generic (dev-os) 	03/09/24 	_x86_64_	(4 CPU)

01:40:19      UID       PID   kB_rd/s   kB_wr/s kB_ccwr/s iodelay  Command
01:40:19     1000   1927930      0.00      0.11      0.00       0  stress-ng
01:40:19     1000   1927931      0.00      0.11      0.00       0  stress-ng
01:40:19     1000   1927932      0.00      0.13      0.00       0  stress-ng
01:40:19     1000   1927933      0.00      0.11      0.00       0  stress-ng
01:40:19     1000   1927934      0.00      0.11      0.00       0  stress-ng
01:40:19     1000   1927935      0.00      0.11      0.00       0  stress-ng
01:40:19     1000   1927936      0.00      0.13      0.00       0  stress-ng
01:40:19     1000   1927937      0.00      0.11      0.00       0  stress-ng
01:40:19     1000   1927938      0.00      0.11      0.00       0  stress-ng
01:40:19     1000   1927939      0.00      0.11      0.00       0  stress-ng
Linux 5.15.0-97-generic (dev-os) 	03/09/24 	_x86_64_	(4 CPU)

01:40:20      UID       PID   kB_rd/s   kB_wr/s kB_ccwr/s iodelay  Command
01:40:20     1000   1927930      0.00      0.11      0.00       0  stress-ng
01:40:20     1000   1927931      0.00      0.11      0.00       0  stress-ng
01:40:20     1000   1927932      0.00      0.13      0.00       0  stress-ng
01:40:20     1000   1927933      0.00      0.11      0.00       0  stress-ng
01:40:20     1000   1927934      0.00      0.11      0.00       0  stress-ng
01:40:20     1000   1927935      0.00      0.11      0.00       0  stress-ng
01:40:20     1000   1927936      0.00      0.13      0.00       0  stress-ng
01:40:20     1000   1927937      0.00      0.11      0.00       0  stress-ng
01:40:20     1000   1927938      0.00      0.11      0.00       0  stress-ng
01:40:20     1000   1927939      0.00      0.11      0.00       0  stress-ng
Linux 5.15.0-97-generic (dev-os) 	03/09/24 	_x86_64_	(4 CPU)

01:40:21      UID       PID   kB_rd/s   kB_wr/s kB_ccwr/s iodelay  Command
01:40:21     1000   1927930      0.00      0.11      0.00       0  stress-ng
01:40:21     1000   1927931      0.00      0.11      0.00       0  stress-ng
01:40:21     1000   1927932      0.00      0.13      0.00       0  stress-ng
01:40:21     1000   1927933      0.00      0.11      0.00       0  stress-ng
01:40:21     1000   1927934      0.00      0.11      0.00       0  stress-ng
01:40:21     1000   1927935      0.00      0.11      0.00       0  stress-ng
01:40:21     1000   1927936      0.00      0.13      0.00       0  stress-ng
01:40:21     1000   1927937      0.00      0.11      0.00       0  stress-ng
01:40:21     1000   1927938      0.00      0.11      0.00       0  stress-ng
01:40:21     1000   1927939      0.00      0.11      0.00       0  stress-ng
Linux 5.15.0-97-generic (dev-os) 	03/09/24 	_x86_64_	(4 CPU)

01:40:22      UID       PID   kB_rd/s   kB_wr/s kB_ccwr/s iodelay  Command
01:40:22     1000   1927930      0.00      0.11      0.00       0  stress-ng
01:40:22     1000   1927931      0.00      0.11      0.00       0  stress-ng
01:40:22     1000   1927932      0.00      0.13      0.00       0  stress-ng
01:40:22     1000   1927933      0.00      0.11      0.00       0  stress-ng
01:40:22     1000   1927934      0.00      0.11      0.00       0  stress-ng
01:40:22     1000   1927935      0.00      0.11      0.00       0  stress-ng
01:40:22     1000   1927936      0.00      0.13      0.00       0  stress-ng
01:40:22     1000   1927937      0.00      0.11      0.00       0  stress-ng
01:40:22     1000   1927938      0.00      0.11      0.00       0  stress-ng
01:40:22     1000   1927939      0.00      0.11      0.00       0  stress-ng
Linux 5.15.0-97-generic (dev-os) 	03/09/24 	_x86_64_	(4 CPU)

01:40:23      UID       PID   kB_rd/s   kB_wr/s kB_ccwr/s iodelay  Command
01:40:23     1000   1927930      0.00      0.11      0.00       0  stress-ng
01:40:23     1000   1927931      0.00      0.11      0.00       0  stress-ng
01:40:23     1000   1927932      0.00      0.13      0.00       0  stress-ng
01:40:23     1000   1927933      0.00      0.11      0.00       0  stress-ng
01:40:23     1000   1927934      0.00      0.11      0.00       0  stress-ng
01:40:23     1000   1927935      0.00      0.11      0.00       0  stress-ng
01:40:23     1000   1927936      0.00      0.13      0.00       0  stress-ng
01:40:23     1000   1927937      0.00      0.11      0.00       0  stress-ng
01:40:23     1000   1927938      0.00      0.11      0.00       0  stress-ng
01:40:23     1000   1927939      0.00      0.11      0.00       0  stress-ng
Linux 5.15.0-97-generic (dev-os) 	03/09/24 	_x86_64_	(4 CPU)

01:40:24      UID       PID   kB_rd/s   kB_wr/s kB_ccwr/s iodelay  Command
01:40:24     1000   1927930      0.00      0.11      0.00       0  stress-ng
01:40:24     1000   1927931      0.00      0.11      0.00       0  stress-ng
01:40:24     1000   1927932      0.00      0.14      0.00       0  stress-ng
01:40:24     1000   1927933      0.00      0.11      0.00       0  stress-ng
01:40:24     1000   1927934      0.00      0.11      0.00       0  stress-ng
01:40:24     1000   1927935      0.00      0.11      0.00       0  stress-ng
01:40:24     1000   1927936      0.00      0.13      0.00       0  stress-ng
01:40:24     1000   1927937      0.00      0.11      0.00       0  stress-ng
01:40:24     1000   1927938      0.00      0.11      0.00       0  stress-ng
01:40:24     1000   1927939      0.00      0.11      0.00       0  stress-ng
Linux 5.15.0-97-generic (dev-os) 	03/09/24 	_x86_64_	(4 CPU)

01:40:25      UID       PID   kB_rd/s   kB_wr/s kB_ccwr/s iodelay  Command
01:40:25     1000   1927930      0.00      0.11      0.00       0  stress-ng
01:40:25     1000   1927931      0.00      0.11      0.00       0  stress-ng
01:40:25     1000   1927932      0.00      0.14      0.00       0  stress-ng
01:40:25     1000   1927933      0.00      0.11      0.00       0  stress-ng
01:40:25     1000   1927934      0.00      0.11      0.00       0  stress-ng
01:40:25     1000   1927935      0.00      0.11      0.00       0  stress-ng
01:40:25     1000   1927936      0.00      0.13      0.00       0  stress-ng
01:40:25     1000   1927937      0.00      0.11      0.00       0  stress-ng
01:40:25     1000   1927938      0.00      0.11      0.00       0  stress-ng
01:40:25     1000   1927939      0.00      0.11      0.00       0  stress-ng
Linux 5.15.0-97-generic (dev-os) 	03/09/24 	_x86_64_	(4 CPU)

01:40:26      UID       PID   kB_rd/s   kB_wr/s kB_ccwr/s iodelay  Command
01:40:26     1000   1927930      0.00      0.13      0.00       0  stress-ng
01:40:26     1000   1927931      0.00      0.13      0.00       0  stress-ng
01:40:26     1000   1927932      0.00      0.14      0.00       0  stress-ng
01:40:26     1000   1927933      0.00      0.14      0.00       0  stress-ng
01:40:26     1000   1927934      0.00      0.14      0.00       0  stress-ng
01:40:26     1000   1927935      0.00      0.13      0.00       0  stress-ng
01:40:26     1000   1927936      0.00      0.13      0.00       0  stress-ng
01:40:26     1000   1927937      0.00      0.14      0.00       0  stress-ng
01:40:26     1000   1927938      0.00      0.14      0.00       0  stress-ng
01:40:26     1000   1927939      0.00      0.13      0.00       0  stress-ng
Linux 5.15.0-97-generic (dev-os) 	03/09/24 	_x86_64_	(4 CPU)

01:40:27      UID       PID   kB_rd/s   kB_wr/s kB_ccwr/s iodelay  Command
01:40:27     1000   1927930      0.00      0.13      0.00       0  stress-ng
01:40:27     1000   1927931      0.00      0.13      0.00       0  stress-ng
01:40:27     1000   1927932      0.00      0.14      0.00       0  stress-ng
01:40:27     1000   1927933      0.00      0.14      0.00       0  stress-ng
01:40:27     1000   1927934      0.00      0.14      0.00       0  stress-ng
01:40:27     1000   1927935      0.00      0.14      0.00       0  stress-ng
01:40:27     1000   1927936      0.00      0.13      0.00       0  stress-ng
01:40:27     1000   1927937      0.00      0.14      0.00       0  stress-ng
01:40:27     1000   1927938      0.00      0.14      0.00       0  stress-ng
01:40:27     1000   1927939      0.00      0.13      0.00       0  stress-ng
Linux 5.15.0-97-generic (dev-os) 	03/09/24 	_x86_64_	(4 CPU)

01:40:28      UID       PID   kB_rd/s   kB_wr/s kB_ccwr/s iodelay  Command
01:40:28     1000   1927930      0.00      0.13      0.00       0  stress-ng
01:40:28     1000   1927931      0.00      0.14      0.00       0  stress-ng
01:40:28     1000   1927932      0.00      0.14      0.00       0  stress-ng
01:40:28     1000   1927933      0.00      0.14      0.00       0  stress-ng
01:40:28     1000   1927934      0.00      0.14      0.00       0  stress-ng
01:40:28     1000   1927935      0.00      0.14      0.00       0  stress-ng
01:40:28     1000   1927936      0.00      0.13      0.00       0  stress-ng
01:40:28     1000   1927937      0.00      0.14      0.00       0  stress-ng
01:40:28     1000   1927938      0.00      0.14      0.00       0  stress-ng
01:40:28     1000   1927939      0.00      0.13      0.00       0  stress-ng
