Linux 5.15.0-100-generic (dev-os) 	03/10/24 	_x86_64_	(4 CPU)

12:25:54     pgpgin/s pgpgout/s   fault/s  majflt/s  pgfree/s pgscank/s pgscand/s pgsteal/s    %vmeff
12:25:55         0.00      0.00   2200.00      0.00     70.00      0.00      0.00      0.00      0.00
12:25:56         0.00      0.00      0.00      0.00      0.00      0.00      0.00      0.00      0.00
12:25:57         0.00      0.00      0.00      0.00      1.00      0.00      0.00      0.00      0.00
12:25:58         0.00      0.00      0.00      0.00      0.00      0.00      0.00      0.00      0.00
12:25:59         0.00      0.00      0.00      0.00      1.00      0.00      0.00      0.00      0.00
12:26:00         0.00     20.00      0.00      0.00      0.00      0.00      0.00      0.00      0.00
12:26:01         0.00      0.00      0.00      0.00      1.00      0.00      0.00      0.00      0.00
12:26:02         0.00      0.00      2.00      0.00      0.00      0.00      0.00      0.00      0.00
12:26:03         0.00      0.00      0.00      0.00      1.00      0.00      0.00      0.00      0.00
12:26:04         0.00      0.00      0.00      0.00      0.00      0.00      0.00      0.00      0.00
12:26:05         0.00      0.00      0.00      0.00      1.00      0.00      0.00      0.00      0.00
12:26:06         0.00      0.00      0.00      0.00      0.00      0.00      0.00      0.00      0.00
12:26:07         0.00      0.00      0.00      0.00      1.00      0.00      0.00      0.00      0.00
12:26:08         0.00    116.00      4.00      0.00      0.00      0.00      0.00      0.00      0.00
12:26:09         0.00      0.00      0.00      0.00      1.00      0.00      0.00      0.00      0.00
12:26:10         0.00      0.00      0.00      0.00      0.00      0.00      0.00      0.00      0.00
12:26:11         0.00      0.00      0.00      0.00      1.00      0.00      0.00      0.00      0.00
12:26:12         0.00      0.00      0.00      0.00      0.00      0.00      0.00      0.00      0.00
12:26:13         0.00      0.00      0.00      0.00      1.00      0.00      0.00      0.00      0.00
12:26:14         0.00      0.00      0.00      0.00      0.00      0.00      0.00      0.00      0.00
Average:         0.00      6.80    110.30      0.00      3.95      0.00      0.00      0.00      0.00
