Linux 5.15.0-100-generic (dev-os) 	03/10/24 	_x86_64_	(4 CPU)

12:26:29     pgpgin/s pgpgout/s   fault/s  majflt/s  pgfree/s pgscank/s pgscand/s pgsteal/s    %vmeff
12:26:30         0.00     19.80   2698.02      0.00     72.28      0.00      0.00      0.00      0.00
12:26:31         0.00      0.00      1.00      0.00      0.00      0.00      0.00      0.00      0.00
12:26:32         0.00      0.00      0.00      0.00      1.00      0.00      0.00      0.00      0.00
12:26:33         0.00      0.00    199.00      0.00    497.00      0.00      0.00      0.00      0.00
12:26:34         0.00      0.00      0.00      0.00      1.00      0.00      0.00      0.00      0.00
12:26:35         0.00     20.00      0.00      0.00      0.00      0.00      0.00      0.00      0.00
12:26:36         0.00      0.00      0.00      0.00      1.00      0.00      0.00      0.00      0.00
12:26:37         0.00      0.00      0.00      0.00      0.00      0.00      0.00      0.00      0.00
12:26:38         0.00      0.00      0.00      0.00      1.00      0.00      0.00      0.00      0.00
12:26:39         0.00      0.00      0.00      0.00      0.00      0.00      0.00      0.00      0.00
12:26:40         0.00      0.00      0.00      0.00      5.00      0.00      0.00      0.00      0.00
12:26:41         0.00      0.00      0.00      0.00      0.00      0.00      0.00      0.00      0.00
12:26:42         0.00      0.00      0.00      0.00      4.00      0.00      0.00      0.00      0.00
12:26:43         0.00      0.00      0.00      0.00      1.00      0.00      0.00      0.00      0.00
12:26:44         0.00      0.00      0.00      0.00      1.00      0.00      0.00      0.00      0.00
12:26:45         0.00      0.00      0.00      0.00      0.00      0.00      0.00      0.00      0.00
12:26:46         0.00      0.00      0.00      0.00      3.00      0.00      0.00      0.00      0.00
12:26:47         0.00      0.00      0.00      0.00      0.00      0.00      0.00      0.00      0.00
12:26:48         0.00      0.00      0.00      0.00      1.00      0.00      0.00      0.00      0.00
12:26:49         0.00      0.00      0.00      0.00      0.00      0.00      0.00      0.00      0.00
Average:         0.00      2.00    146.18      0.00     29.44      0.00      0.00      0.00      0.00
