Linux 5.15.0-100-generic (dev-os) 	03/10/24 	_x86_64_	(4 CPU)

13:09:30    kbmemfree   kbavail kbmemused  %memused kbbuffers  kbcached  kbcommit   %commit  kbactive   kbinact   kbdirty
13:09:31      1341504   1541512    195896     10.08     20716    308992    526956     27.11    124648    282328       144
13:09:32      1341504   1541512    195896     10.08     20716    308992    526956     27.11    124648    282328       144
13:09:33      1341504   1541512    195896     10.08     20716    308992    526956     27.11    124648    282328       144
13:09:34      1341504   1541512    195896     10.08     20716    308992    526956     27.11    124648    282328       144
13:09:35      1341504   1541512    195896     10.08     20716    308992    526956     27.11    124648    282328       144
13:09:36      1341252   1541260    196140     10.09     20724    308984    526956     27.11    124648    282328       144
13:09:37      1341252   1541264    196148     10.09     20748    308968    526956     27.11    124648    282328        28
13:09:38      1341252   1541280    196124     10.09     20748    308992    526956     27.11    124660    282412        28
13:09:39      1341252   1541280    196128     10.09     20748    308992    526956     27.11    124660    282412        28
13:09:40      1341252   1541280    196128     10.09     20748    308992    526956     27.11    124660    282412        28
13:09:41      1341252   1541280    196128     10.09     20748    308992    526956     27.11    124660    282412        28
13:09:42      1341252   1541280    196132     10.09     20748    308992    526956     27.11    124660    282412        28
13:09:43      1341252   1541280    196132     10.09     20748    308992    526956     27.11    124660    282412        28
13:09:44      1341252   1541280    196132     10.09     20748    308992    526956     27.11    124660    282412        28
13:09:45      1341252   1541280    196132     10.09     20748    308992    526956     27.11    124660    282412        28
13:09:46      1341252   1541280    196132     10.09     20748    308992    526956     27.11    124660    282412        28
13:09:47      1341252   1541280    196132     10.09     20748    308992    526956     27.11    124660    282412        28
13:09:48      1341252   1541280    196132     10.09     20748    308992    526956     27.11    124660    282412        28
13:09:49      1341252   1541280    196132     10.09     20748    308992    526956     27.11    124660    282412        28
13:09:50      1341252   1541280    196132     10.09     20748    308992    493584     25.40    124660    277080        28
Average:      1341315   1541336    196073     10.09     20739    308990    525287     27.03    124656    282116        63
