Linux 5.15.0-100-generic (dev-os) 	03/10/24 	_x86_64_	(4 CPU)

13:10:58    kbmemfree   kbavail kbmemused  %memused kbbuffers  kbcached  kbcommit   %commit  kbactive   kbinact   kbdirty
13:10:59      1337980   1538056    199372     10.26     20772    308996    504708     25.97    124708    278652       124
13:11:00      1337980   1538056    199372     10.26     20772    308996    504708     25.97    124708    278652       124
13:11:01      1337980   1538056    199372     10.26     20772    308996    504708     25.97    124708    278652       124
13:11:02      1337980   1538056    199372     10.26     20772    308996    504708     25.97    124708    278652       124
13:11:03      1337980   1538056    199368     10.26     20772    308996    504708     25.97    124708    278652       124
13:11:04      1337980   1538056    199360     10.26     20780    308996    504708     25.97    124708    278652       132
13:11:05      1337980   1538056    199360     10.26     20780    308996    504708     25.97    124708    278652       132
13:11:06      1337980   1538056    199356     10.26     20780    308996    504708     25.97    124708    278652       132
13:11:07      1337980   1538056    199352     10.26     20780    308996    504708     25.97    124708    278652       132
13:11:08      1337980   1538056    199352     10.26     20780    308996    504708     25.97    124708    278652       132
13:11:09      1337980   1538056    199352     10.26     20780    308996    504708     25.97    124708    278652       132
13:11:10      1337980   1538056    199352     10.26     20780    308996    504708     25.97    124708    278652       132
13:11:11      1337980   1538056    199352     10.26     20780    308996    504708     25.97    124708    278652       132
13:11:12      1337980   1538056    199348     10.26     20780    308996    504708     25.97    124708    278652       132
13:11:13      1337980   1538056    199348     10.26     20780    308996    504708     25.97    124708    278652       132
13:11:14      1337980   1538064    199348     10.26     20780    308996    504708     25.97    124716    278672       120
13:11:15      1337980   1538064    199348     10.26     20780    308996    504708     25.97    124716    278672       120
13:11:16      1337980   1538064    199344     10.26     20780    308996    504708     25.97    124716    278672       120
13:11:17      1337980   1538064    199344     10.26     20780    308996    504708     25.97    124716    278672       120
13:11:18      1337980   1538064    199344     10.26     20780    308996    504708     25.97    124716    278672       120
Average:      1337980   1538058    199356     10.26     20778    308996    504708     25.97    124710    278657       127
