Linux 5.15.0-100-generic (dev-os) 	03/10/24 	_x86_64_	(4 CPU)

12:25:08     pgpgin/s pgpgout/s   fault/s  majflt/s  pgfree/s pgscank/s pgscand/s pgsteal/s    %vmeff
12:25:09         0.00     16.00   2084.00      0.00     71.00      0.00      0.00      0.00      0.00
12:25:10         0.00      0.00      0.00      0.00      0.00      0.00      0.00      0.00      0.00
12:25:11         0.00      0.00      0.00      0.00      1.00      0.00      0.00      0.00      0.00
12:25:12         0.00     16.00      0.00      0.00      0.00      0.00      0.00      0.00      0.00
12:25:13         0.00      0.00    198.00      0.00    487.00      0.00      0.00      0.00      0.00
12:25:14         0.00     20.00      0.00      0.00      1.00      0.00      0.00      0.00      0.00
12:25:15         0.00      0.00      0.00      0.00      1.00      0.00      0.00      0.00      0.00
12:25:16         0.00      0.00      0.00      0.00      0.00      0.00      0.00      0.00      0.00
12:25:17         0.00      0.00      0.00      0.00      1.00      0.00      0.00      0.00      0.00
12:25:18         0.00      0.00      0.00      0.00      0.00      0.00      0.00      0.00      0.00
12:25:19         0.00      0.00      0.00      0.00      1.00      0.00      0.00      0.00      0.00
12:25:20         0.00      0.00      0.00      0.00      0.00      0.00      0.00      0.00      0.00
12:25:21         0.00      0.00      0.00      0.00      1.00      0.00      0.00      0.00      0.00
12:25:22         0.00      0.00      0.00      0.00      0.00      0.00      0.00      0.00      0.00
12:25:23         0.00      0.00      0.00      0.00      1.00      0.00      0.00      0.00      0.00
12:25:24         0.00     88.00      0.00      0.00      0.00      0.00      0.00      0.00      0.00
12:25:25         0.00      0.00      0.00      0.00      1.00      0.00      0.00      0.00      0.00
12:25:26         0.00      0.00      0.00      0.00      0.00      0.00      0.00      0.00      0.00
12:25:27         0.00      0.00      0.00      0.00      1.00      0.00      0.00      0.00      0.00
12:25:28         0.00      0.00      0.00      0.00      0.00      0.00      0.00      0.00      0.00
Average:         0.00      7.00    114.04      0.00     28.34      0.00      0.00      0.00      0.00
