Linux 5.15.0-100-generic (dev-os) 	03/10/24 	_x86_64_	(4 CPU)

13:08:48    kbmemfree   kbavail kbmemused  %memused kbbuffers  kbcached  kbcommit   %commit  kbactive   kbinact   kbdirty
13:08:49      1336956   1536912    200360     10.31     20684    308980    541268     27.85    124616    284052       120
13:08:50      1336956   1536912    200360     10.31     20684    308980    541268     27.85    124616    284052       120
13:08:51      1336956   1536912    200360     10.31     20684    308980    541268     27.85    124616    284052       120
13:08:52      1336956   1536912    200360     10.31     20684    308980    541268     27.85    124616    284052       120
13:08:53      1336956   1536912    200360     10.31     20684    308980    541268     27.85    124616    284052       120
13:08:54      1336956   1536912    200360     10.31     20692    308972    541268     27.85    124616    284052       120
13:08:55      1336956   1536912    200352     10.31     20692    308980    541268     27.85    124616    284052       132
13:08:56      1336956   1536912    200352     10.31     20692    308980    541268     27.85    124616    284052       132
13:08:57      1336956   1536912    200352     10.31     20692    308980    541268     27.85    124616    284052       132
13:08:58      1336956   1536912    200348     10.31     20692    308980    541268     27.85    124616    284052       132
13:08:59      1336956   1536912    200348     10.31     20692    308980    541268     27.85    124616    284052       132
13:09:00      1336956   1536912    200348     10.31     20692    308980    541268     27.85    124616    284052       132
13:09:01      1336956   1536912    200348     10.31     20692    308980    541268     27.85    124616    284052       132
13:09:02      1336956   1536912    200348     10.31     20692    308980    541268     27.85    124616    284052       132
13:09:03      1336956   1536912    200348     10.31     20692    308980    541268     27.85    124616    284052       132
13:09:04      1336956   1536912    200348     10.31     20692    308980    541268     27.85    124616    284052       132
13:09:05      1336956   1536912    200348     10.31     20692    308980    541268     27.85    124616    284052       132
13:09:06      1336956   1536912    200348     10.31     20692    308980    541268     27.85    124616    284052       132
13:09:07      1337460   1537416    199844     10.28     20692    308980    538080     27.69    124616    284176       132
13:09:08      1337472   1537444    199776     10.28     20692    308988    538080     27.69    124640    284084       144
Average:      1337007   1536964    200298     10.31     20690    308980    540949     27.83    124617    284060       129
