Linux 5.15.0-100-generic (dev-os) 	03/10/24 	_x86_64_	(4 CPU)

13:10:04    kbmemfree   kbavail kbmemused  %memused kbbuffers  kbcached  kbcommit   %commit  kbactive   kbinact   kbdirty
13:10:05      1341252   1541304    196092     10.09     20756    308996    515832     26.54    124684    280496       128
13:10:06      1341252   1541304    196092     10.09     20756    308996    515832     26.54    124684    280556       128
13:10:07      1341252   1541304    196092     10.09     20756    308996    515832     26.54    124684    280556       128
13:10:08      1341252   1541304    196092     10.09     20756    308996    515832     26.54    124684    280556       128
13:10:09      1341252   1541304    196092     10.09     20756    308996    515832     26.54    124684    280556       128
13:10:10      1341252   1541304    196092     10.09     20764    308988    515832     26.54    124684    280556       128
13:10:11      1341252   1541304    196080     10.09     20764    308996    515832     26.54    124684    280556       132
13:10:12      1341252   1541304    196080     10.09     20764    308996    515832     26.54    124684    280556       132
13:10:13      1341252   1541304    196104     10.09     20764    308996    515832     26.54    124684    280556       132
13:10:14      1341252   1541304    196104     10.09     20764    308996    515832     26.54    124684    280556       132
13:10:15      1341252   1541304    196104     10.09     20764    308996    515832     26.54    124684    280556       132
13:10:16      1341252   1541304    196104     10.09     20764    308996    515832     26.54    124684    280556       132
13:10:17      1341252   1541304    196104     10.09     20764    308996    515832     26.54    124684    280556       132
13:10:18      1341252   1541304    196104     10.09     20764    308996    515832     26.54    124684    280556       132
13:10:19      1341252   1541304    196104     10.09     20764    308996    515832     26.54    124684    280556       132
13:10:20      1341252   1541304    196104     10.09     20764    308996    515832     26.54    124684    280556       132
13:10:21      1341252   1541304    196104     10.09     20764    308996    515832     26.54    124684    280556       132
13:10:22      1341252   1541304    196104     10.09     20764    308996    515832     26.54    124684    280556       132
13:10:23      1341252   1541304    196104     10.09     20764    308996    515832     26.54    124684    280556       132
13:10:24      1341252   1541304    196104     10.09     20764    308996    515832     26.54    124684    280556       132
Average:      1341252   1541304    196098     10.09     20762    308996    515832     26.54    124684    280553       131
