Linux 5.15.0-100-generic (dev-os) 	03/10/24 	_x86_64_	(4 CPU)

12:27:00     pgpgin/s pgpgout/s   fault/s  majflt/s  pgfree/s pgscank/s pgscand/s pgsteal/s    %vmeff
12:27:01         0.00    128.00   3202.00      0.00     73.00      0.00      0.00      0.00      0.00
12:27:02         0.00      0.00      0.00      0.00      0.00      0.00      0.00      0.00      0.00
12:27:03         0.00      0.00      0.00      0.00      1.00      0.00      0.00      0.00      0.00
12:27:04         0.00      0.00      0.00      0.00      0.00      0.00      0.00      0.00      0.00
12:27:05         0.00      0.00      0.00      0.00      1.00      0.00      0.00      0.00      0.00
12:27:06         0.00      0.00      0.00      0.00      0.00      0.00      0.00      0.00      0.00
12:27:07         0.00     20.00      0.00      0.00      1.00      0.00      0.00      0.00      0.00
12:27:08         0.00      0.00      0.00      0.00      0.00      0.00      0.00      0.00      0.00
12:27:09         0.00      0.00      0.00      0.00      1.00      0.00      0.00      0.00      0.00
12:27:10         0.00      0.00      0.00      0.00      0.00      0.00      0.00      0.00      0.00
12:27:11         0.00      0.00      0.00      0.00      1.00      0.00      0.00      0.00      0.00
12:27:12         0.00      0.00      0.00      0.00      0.00      0.00      0.00      0.00      0.00
12:27:13         0.00      0.00      0.00      0.00      1.00      0.00      0.00      0.00      0.00
12:27:14         0.00      0.00      0.00      0.00      0.00      0.00      0.00      0.00      0.00
12:27:15         0.00      0.00      0.00      0.00      1.00      0.00      0.00      0.00      0.00
12:27:16         0.00      0.00      0.00      0.00      0.00      0.00      0.00      0.00      0.00
12:27:17         0.00      0.00      0.00      0.00      1.00      0.00      0.00      0.00      0.00
12:27:18         0.00      0.00      0.00      0.00      0.00      0.00      0.00      0.00      0.00
12:27:19         0.00      0.00      0.00      0.00      1.00      0.00      0.00      0.00      0.00
12:27:20         0.00      0.00      0.00      0.00      0.00      0.00      0.00      0.00      0.00
Average:         0.00      7.40    160.10      0.00      4.10      0.00      0.00      0.00      0.00
