Linux 5.15.0-100-generic (dev-os) 	03/10/24 	_x86_64_	(4 CPU)

12:32:18     pgpgin/s pgpgout/s   fault/s  majflt/s  pgfree/s pgscank/s pgscand/s pgsteal/s    %vmeff
12:32:19         0.00      0.00    506.00      0.00     75.00      0.00      0.00      0.00      0.00
12:32:20         0.00      0.00      1.00      0.00      1.00      0.00      0.00      0.00      0.00
12:32:21         0.00      0.00      0.00      0.00      0.00      0.00      0.00      0.00      0.00
12:32:22         0.00      0.00     96.00      0.00    251.00      0.00      0.00      0.00      0.00
12:32:23         0.00      0.00      0.00      0.00      0.00      0.00      0.00      0.00      0.00
12:32:24         0.00      0.00      0.00      0.00      1.00      0.00      0.00      0.00      0.00
12:32:25         0.00     20.00      0.00      0.00      0.00      0.00      0.00      0.00      0.00
12:32:26         0.00      0.00      0.00      0.00      1.00      0.00      0.00      0.00      0.00
12:32:27         0.00      0.00      0.00      0.00      0.00      0.00      0.00      0.00      0.00
12:32:28         0.00      0.00      0.00      0.00      1.00      0.00      0.00      0.00      0.00
12:32:29         0.00      0.00      0.00      0.00      0.00      0.00      0.00      0.00      0.00
12:32:30         0.00      0.00      0.00      0.00      1.00      0.00      0.00      0.00      0.00
12:32:31         0.00      0.00      0.00      0.00      0.00      0.00      0.00      0.00      0.00
12:32:32         0.00      0.00      0.00      0.00      1.00      0.00      0.00      0.00      0.00
12:32:33         0.00      0.00      0.00      0.00      0.00      0.00      0.00      0.00      0.00
12:32:34         0.00      0.00      0.00      0.00      1.00      0.00      0.00      0.00      0.00
12:32:35         0.00      0.00      0.00      0.00      0.00      0.00      0.00      0.00      0.00
12:32:36         0.00     12.00      0.00      0.00      1.00      0.00      0.00      0.00      0.00
12:32:37         0.00      0.00      0.00      0.00      0.00      0.00      0.00      0.00      0.00
12:32:38         0.00      0.00      6.00      0.00      1.00      0.00      0.00      0.00      0.00
Average:         0.00      1.60     30.45      0.00     16.75      0.00      0.00      0.00      0.00
