Linux 5.15.0-100-generic (dev-os) 	03/10/24 	_x86_64_	(4 CPU)

12:36:06    kbmemfree   kbavail kbmemused  %memused kbbuffers  kbcached  kbcommit   %commit  kbactive   kbinact   kbdirty
12:36:07      1352912   1552108    189420      9.75     20244    308276    513692     26.43    123644    276684       112
12:36:08      1352912   1552112    189420      9.75     20244    308276    513692     26.43    123644    276708        92
12:36:09      1352912   1552112    189420      9.75     20244    308276    513692     26.43    123644    276708        92
12:36:10      1352912   1552112    189420      9.75     20244    308276    513692     26.43    123644    276708        92
12:36:11      1352912   1552112    189416      9.75     20244    308276    513692     26.43    123644    276708        92
12:36:12      1352912   1552112    189408      9.75     20252    308276    513692     26.43    123644    276708       104
12:36:13      1352912   1552112    189408      9.75     20252    308276    513692     26.43    123644    276708       104
12:36:14      1352912   1552112    189404      9.75     20252    308276    513692     26.43    123644    276708       104
12:36:15      1352912   1552112    189404      9.75     20252    308276    513692     26.43    123644    276708       104
12:36:16      1352912   1552112    189404      9.75     20252    308276    513692     26.43    123644    276708       104
12:36:17      1352912   1552112    189400      9.75     20252    308276    513692     26.43    123644    276708       104
12:36:18      1352912   1552112    189400      9.75     20252    308276    513692     26.43    123644    276708       104
12:36:19      1352912   1552112    189400      9.75     20252    308276    513692     26.43    123644    276708       104
12:36:20      1352912   1552112    189400      9.75     20252    308276    513692     26.43    123644    276708       104
12:36:21      1352912   1552112    189400      9.75     20252    308276    513692     26.43    123644    276708       104
12:36:22      1352912   1552112    189400      9.75     20252    308276    513692     26.43    123644    276708       104
12:36:23      1352912   1552112    189400      9.75     20252    308276    513692     26.43    123644    276708       104
12:36:24      1352912   1552112    189400      9.75     20252    308276    513692     26.43    123644    276708       104
12:36:25      1352912   1552112    189400      9.75     20252    308276    513692     26.43    123644    276708       104
12:36:26      1352912   1552112    189400      9.75     20252    308276    513692     26.43    123644    276708       104
Average:      1352912   1552112    189406      9.75     20250    308276    513692     26.43    123644    276707       102
