Linux 5.15.0-100-generic (dev-os) 	03/10/24 	_x86_64_	(4 CPU)

12:35:15    kbmemfree   kbavail kbmemused  %memused kbbuffers  kbcached  kbcommit   %commit  kbactive   kbinact   kbdirty
12:35:16      1352912   1552080    189296      9.74     20220    308264    502432     25.85    123620    276516       220
12:35:17      1352912   1552080    189296      9.74     20220    308264    502432     25.85    123620    276516       220
12:35:18      1352912   1552080    189296      9.74     20220    308264    502432     25.85    123620    276516       220
12:35:19      1352912   1552080    189296      9.74     20220    308264    502432     25.85    123620    276516       220
12:35:20      1352912   1552080    189296      9.74     20220    308264    502432     25.85    123620    276516       220
12:35:21      1352912   1552080    189296      9.74     20228    308256    502432     25.85    123620    276516       220
12:35:22      1352912   1552080    189288      9.74     20228    308264    502432     25.85    123620    276516       220
12:35:23      1352912   1552080    189288      9.74     20228    308264    502432     25.85    123620    276516       220
12:35:24      1352912   1552080    189284      9.74     20228    308264    502432     25.85    123620    276516       220
12:35:25      1352912   1552080    189284      9.74     20228    308264    502432     25.85    123620    276516       220
12:35:26      1352912   1552080    189284      9.74     20228    308264    502432     25.85    123620    276516       220
12:35:27      1352912   1552080    189280      9.74     20228    308264    502432     25.85    123620    276516       220
12:35:28      1352912   1552080    189280      9.74     20228    308264    502432     25.85    123620    276516       220
12:35:29      1352912   1552080    189276      9.74     20228    308264    502432     25.85    123620    276516       220
12:35:30      1352912   1552080    189276      9.74     20228    308264    502432     25.85    123620    276516       220
12:35:31      1352912   1552080    189276      9.74     20228    308264    502432     25.85    123620    276516       220
12:35:32      1352912   1552084    189276      9.74     20228    308264    502432     25.85    123620    276576        84
12:35:33      1352912   1552084    189276      9.74     20228    308264    502432     25.85    123620    276576        84
12:35:34      1352912   1552084    189276      9.74     20228    308264    502432     25.85    123620    276576        84
12:35:35      1352912   1552084    189320      9.74     20228    308264    502432     25.85    123620    276576        84
Average:      1352912   1552081    189287      9.74     20226    308264    502432     25.85    123620    276528       193
