Linux 5.15.0-100-generic (dev-os) 	03/10/24 	_x86_64_	(4 CPU)

12:31:14     pgpgin/s pgpgout/s   fault/s  majflt/s  pgfree/s pgscank/s pgscand/s pgsteal/s    %vmeff
12:31:15         0.00      0.00   1299.00      0.00     67.00      0.00      0.00      0.00      0.00
12:31:16         0.00      0.00      1.00      0.00      1.00      0.00      0.00      0.00      0.00
12:31:17         0.00    132.00      0.00      0.00      0.00      0.00      0.00      0.00      0.00
12:31:18         0.00      0.00      0.00      0.00      1.00      0.00      0.00      0.00      0.00
12:31:19         0.00      0.00      0.00      0.00      0.00      0.00      0.00      0.00      0.00
12:31:20         0.00     20.00      0.00      0.00      1.00      0.00      0.00      0.00      0.00
12:31:21         0.00      0.00      0.00      0.00      0.00      0.00      0.00      0.00      0.00
12:31:22         0.00      0.00      0.00      0.00      1.00      0.00      0.00      0.00      0.00
12:31:23         0.00      0.00      0.00      0.00      0.00      0.00      0.00      0.00      0.00
12:31:24         0.00      0.00      0.00      0.00      1.00      0.00      0.00      0.00      0.00
12:31:25         0.00     12.00      0.00      0.00      0.00      0.00      0.00      0.00      0.00
12:31:26         0.00      0.00      0.00      0.00      1.00      0.00      0.00      0.00      0.00
12:31:27         0.00      0.00      0.00      0.00      0.00      0.00      0.00      0.00      0.00
12:31:28         0.00      0.00      0.00      0.00      1.00      0.00      0.00      0.00      0.00
12:31:29         0.00      0.00      0.00      0.00      0.00      0.00      0.00      0.00      0.00
12:31:30         0.00     16.00      2.00      0.00      1.00      0.00      0.00      0.00      0.00
12:31:31         0.00      0.00      0.00      0.00      0.00      0.00      0.00      0.00      0.00
12:31:32         0.00      0.00      0.00      0.00      1.00      0.00      0.00      0.00      0.00
12:31:33         0.00      0.00      0.00      0.00      0.00      0.00      0.00      0.00      0.00
12:31:34         0.00      0.00      0.00      0.00      1.00      0.00      0.00      0.00      0.00
Average:         0.00      9.00     65.10      0.00      3.85      0.00      0.00      0.00      0.00
