Linux 5.15.0-100-generic (dev-os) 	03/10/24 	_x86_64_	(4 CPU)

12:37:46    kbmemfree   kbavail kbmemused  %memused kbbuffers  kbcached  kbcommit   %commit  kbactive   kbinact   kbdirty
12:37:47      1355184   1554452    186760      9.61     20300    308304    581220     29.91    123704    277584        96
12:37:48      1355184   1554452    186760      9.61     20300    308304    581220     29.91    123704    277584        96
12:37:49      1355184   1554452    186760      9.61     20300    308304    581220     29.91    123704    277584        96
12:37:50      1355184   1554452    186760      9.61     20300    308304    581220     29.91    123704    277584        96
12:37:51      1355184   1554452    186760      9.61     20300    308304    581220     29.91    123704    277584        96
12:37:52      1355184   1554452    186760      9.61     20308    308296    581220     29.91    123704    277584        96
12:37:53      1355184   1554456    186748      9.61     20308    308304    581220     29.91    123708    277624        92
12:37:54      1355184   1554456    186748      9.61     20308    308304    581220     29.91    123708    277624        92
12:37:55      1355184   1554456    186748      9.61     20308    308304    581220     29.91    123708    277624        92
12:37:56      1355184   1554456    186748      9.61     20308    308304    581220     29.91    123708    277624        92
12:37:57      1355184   1554456    186748      9.61     20308    308304    581220     29.91    123708    277624        92
12:37:58      1355184   1554456    186748      9.61     20308    308304    581220     29.91    123708    277624        92
12:37:59      1355184   1554456    186748      9.61     20308    308304    581220     29.91    123708    277624        92
12:38:00      1355184   1554456    186748      9.61     20308    308304    581220     29.91    123708    277624        92
12:38:01      1355184   1554456    186748      9.61     20308    308304    581220     29.91    123708    277624        92
12:38:02      1355184   1554456    186748      9.61     20308    308304    581220     29.91    123708    277624        92
12:38:03      1355184   1554456    186748      9.61     20308    308304    581220     29.91    123708    277624        92
12:38:04      1355184   1554456    186748      9.61     20308    308304    581220     29.91    123708    277624        92
12:38:05      1355184   1554456    186748      9.61     20308    308304    581220     29.91    123708    277624        92
12:38:06      1355184   1554456    186748      9.61     20308    308304    581220     29.91    123708    277624        92
Average:      1355184   1554455    186752      9.61     20306    308304    581220     29.91    123707    277612        93
