Linux 5.15.0-100-generic (dev-os) 	03/10/24 	_x86_64_	(4 CPU)

12:36:33    kbmemfree   kbavail kbmemused  %memused kbbuffers  kbcached  kbcommit   %commit  kbactive   kbinact   kbdirty
12:36:34      1352912   1552120    189392      9.75     20252    308284    524948     27.01    123656    276756       132
12:36:35      1352912   1552120    189392      9.75     20252    308284    524948     27.01    123656    276756       132
12:36:36      1352912   1552120    189392      9.75     20252    308284    524948     27.01    123656    276756       132
12:36:37      1352912   1552120    189392      9.75     20252    308284    524948     27.01    123656    276756       132
12:36:38      1352912   1552124    189392      9.75     20252    308284    524948     27.01    123656    276776        12
12:36:39      1352912   1552124    189388      9.74     20260    308276    524948     27.01    123656    276776        12
12:36:40      1352912   1552124    189380      9.74     20260    308284    524948     27.01    123656    276776        12
12:36:41      1352912   1552124    189380      9.74     20260    308284    524948     27.01    123656    276776        12
12:36:42      1352912   1552124    189380      9.74     20260    308284    524948     27.01    123656    276776        12
12:36:43      1352912   1552124    189380      9.74     20260    308284    524948     27.01    123656    276776        12
12:36:44      1352912   1552132    189380      9.74     20260    308284    524948     27.01    123664    276776         0
12:36:45      1352912   1552132    189380      9.74     20276    308268    524948     27.01    123664    276776         0
12:36:46      1352912   1552132    189360      9.74     20276    308284    524948     27.01    123664    276824         4
12:36:47      1352912   1552132    189360      9.74     20276    308284    524948     27.01    123664    276824         4
12:36:48      1352912   1552132    189360      9.74     20276    308284    524948     27.01    123664    276824         4
12:36:49      1352912   1552132    189360      9.74     20276    308284    524948     27.01    123664    276824         4
12:36:50      1352912   1552132    189360      9.74     20276    308284    524948     27.01    123664    276824         4
12:36:51      1352912   1552132    189356      9.74     20276    308284    524948     27.01    123664    276824         4
12:36:52      1352912   1552132    189356      9.74     20276    308284    524948     27.01    123664    276824         4
12:36:53      1352912   1552132    189356      9.74     20276    308284    524948     27.01    123664    276824         4
Average:      1352912   1552127    189375      9.74     20265    308283    524948     27.01    123660    276791        32
