Linux 5.15.0-100-generic (dev-os) 	03/10/24 	_x86_64_	(4 CPU)

12:33:20     pgpgin/s pgpgout/s   fault/s  majflt/s  pgfree/s pgscank/s pgscand/s pgsteal/s    %vmeff
12:33:21         0.00      0.00    676.00      0.00     76.00      0.00      0.00      0.00      0.00
12:33:22         0.00      0.00      0.00      0.00      0.00      0.00      0.00      0.00      0.00
12:33:23         0.00      0.00      0.00      0.00      1.00      0.00      0.00      0.00      0.00
12:33:24         0.00      4.00      0.00      0.00      0.00      0.00      0.00      0.00      0.00
12:33:25         0.00      0.00      0.00      0.00      1.00      0.00      0.00      0.00      0.00
12:33:26         0.00     20.00      0.00      0.00      0.00      0.00      0.00      0.00      0.00
12:33:27         0.00      0.00      0.00      0.00      1.00      0.00      0.00      0.00      0.00
12:33:28         0.00      0.00      0.00      0.00      0.00      0.00      0.00      0.00      0.00
12:33:29         0.00      0.00      0.00      0.00      1.00      0.00      0.00      0.00      0.00
12:33:30         0.00      0.00      0.00      0.00      0.00      0.00      0.00      0.00      0.00
12:33:31         0.00      0.00      0.00      0.00      1.00      0.00      0.00      0.00      0.00
12:33:32         0.00      0.00      0.00      0.00      0.00      0.00      0.00      0.00      0.00
12:33:33         0.00      0.00      0.00      0.00      1.00      0.00      0.00      0.00      0.00
12:33:34         0.00      0.00      0.00      0.00      0.00      0.00      0.00      0.00      0.00
12:33:35         0.00      0.00      0.00      0.00      1.00      0.00      0.00      0.00      0.00
12:33:36         0.00      0.00      0.00      0.00      0.00      0.00      0.00      0.00      0.00
12:33:37         0.00      0.00      0.00      0.00      1.00      0.00      0.00      0.00      0.00
12:33:38         0.00      0.00      0.00      0.00      0.00      0.00      0.00      0.00      0.00
12:33:39         0.00      0.00      0.00      0.00      1.00      0.00      0.00      0.00      0.00
12:33:40         0.00      0.00      1.00      0.00      0.00      0.00      0.00      0.00      0.00
Average:         0.00      1.20     33.85      0.00      4.25      0.00      0.00      0.00      0.00
