Linux 5.15.0-100-generic (dev-os) 	03/10/24 	_x86_64_	(4 CPU)

12:30:45     pgpgin/s pgpgout/s   fault/s  majflt/s  pgfree/s pgscank/s pgscand/s pgsteal/s    %vmeff
12:30:46         0.00      0.00   1386.00      0.00    569.00      0.00      0.00      0.00      0.00
12:30:47         0.00      0.00      1.00      0.00      1.00      0.00      0.00      0.00      0.00
12:30:48         0.00      0.00      0.00      0.00      0.00      0.00      0.00      0.00      0.00
12:30:49         0.00      0.00      0.00      0.00      1.00      0.00      0.00      0.00      0.00
12:30:50         0.00      0.00      0.00      0.00      0.00      0.00      0.00      0.00      0.00
12:30:51         0.00     20.00      0.00      0.00      1.00      0.00      0.00      0.00      0.00
12:30:52         0.00      0.00      0.00      0.00      0.00      0.00      0.00      0.00      0.00
12:30:53         0.00      0.00      0.00      0.00      1.00      0.00      0.00      0.00      0.00
12:30:54         0.00      0.00      0.00      0.00      0.00      0.00      0.00      0.00      0.00
12:30:55         0.00      0.00      0.00      0.00      1.00      0.00      0.00      0.00      0.00
12:30:56         0.00      0.00      0.00      0.00      0.00      0.00      0.00      0.00      0.00
12:30:57         0.00     12.00      0.00      0.00      1.00      0.00      0.00      0.00      0.00
12:30:58         0.00      0.00      0.00      0.00      0.00      0.00      0.00      0.00      0.00
12:30:59         0.00      0.00      0.00      0.00      1.00      0.00      0.00      0.00      0.00
12:31:00         0.00      0.00      0.00      0.00      0.00      0.00      0.00      0.00      0.00
12:31:01         0.00      0.00      0.00      0.00      1.00      0.00      0.00      0.00      0.00
12:31:02         0.00      0.00      0.00      0.00      0.00      0.00      0.00      0.00      0.00
12:31:03         0.00      0.00      0.00      0.00      1.00      0.00      0.00      0.00      0.00
12:31:04         0.00      0.00      0.00      0.00      0.00      0.00      0.00      0.00      0.00
12:31:05         0.00      0.00      0.00      0.00      1.00      0.00      0.00      0.00      0.00
Average:         0.00      1.60     69.35      0.00     28.95      0.00      0.00      0.00      0.00
