Linux 5.15.0-100-generic (dev-os) 	03/10/24 	_x86_64_	(4 CPU)

12:32:47     pgpgin/s pgpgout/s   fault/s  majflt/s  pgfree/s pgscank/s pgscand/s pgsteal/s    %vmeff
12:32:48         0.00      0.00    324.00      0.00     75.00      0.00      0.00      0.00      0.00
12:32:49         0.00      0.00      0.00      0.00      1.00      0.00      0.00      0.00      0.00
12:32:50         0.00    128.00      0.00      0.00      0.00      0.00      0.00      0.00      0.00
12:32:51         0.00      0.00      0.00      0.00      1.00      0.00      0.00      0.00      0.00
12:32:52         0.00      0.00      0.00      0.00      0.00      0.00      0.00      0.00      0.00
12:32:53         0.00     20.00      0.00      0.00      1.00      0.00      0.00      0.00      0.00
12:32:54         0.00      0.00      0.00      0.00      0.00      0.00      0.00      0.00      0.00
12:32:55         0.00      0.00      0.00      0.00      1.00      0.00      0.00      0.00      0.00
12:32:56         0.00      0.00      0.00      0.00      0.00      0.00      0.00      0.00      0.00
12:32:57         0.00      0.00      0.00      0.00      1.00      0.00      0.00      0.00      0.00
12:32:58         0.00      0.00      0.00      0.00      0.00      0.00      0.00      0.00      0.00
12:32:59         0.00      0.00      0.00      0.00      1.00      0.00      0.00      0.00      0.00
12:33:00         0.00      0.00      0.00      0.00      0.00      0.00      0.00      0.00      0.00
12:33:01         0.00      0.00      0.00      0.00      1.00      0.00      0.00      0.00      0.00
12:33:02         0.00      0.00      0.00      0.00      0.00      0.00      0.00      0.00      0.00
12:33:03         0.00      0.00      0.00      0.00      1.00      0.00      0.00      0.00      0.00
12:33:04         0.00      0.00      0.00      0.00      0.00      0.00      0.00      0.00      0.00
12:33:05         0.00      0.00      0.00      0.00      1.00      0.00      0.00      0.00      0.00
12:33:06         0.00      0.00      0.00      0.00      0.00      0.00      0.00      0.00      0.00
12:33:07         0.00      0.00      7.00      0.00      1.00      0.00      0.00      0.00      0.00
Average:         0.00      7.40     16.55      0.00      4.25      0.00      0.00      0.00      0.00
