Linux 5.15.0-100-generic (dev-os) 	03/10/24 	_x86_64_	(4 CPU)

12:37:08    kbmemfree   kbavail kbmemused  %memused kbbuffers  kbcached  kbcommit   %commit  kbactive   kbinact   kbdirty
12:37:09      1352912   1552160    189268      9.74     20284    308288    536200     27.59    123688    276856        96
12:37:10      1352912   1552160    189268      9.74     20284    308288    536200     27.59    123688    276856        96
12:37:11      1352912   1552160    189268      9.74     20284    308288    536200     27.59    123688    276856        96
12:37:12      1352912   1552160    189268      9.74     20284    308288    536200     27.59    123688    276856        96
12:37:13      1352912   1552160    189268      9.74     20284    308288    536200     27.59    123688    276856        96
12:37:14      1352660   1551908    189520      9.75     20292    308280    536200     27.59    123688    276856        96
12:37:15      1352660   1551912    189508      9.75     20292    308288    536200     27.59    123688    276916       100
12:37:16      1352660   1551912    189508      9.75     20292    308288    536200     27.59    123692    276912         4
12:37:17      1352660   1551912    189508      9.75     20292    308288    536200     27.59    123692    276912         4
12:37:18      1352660   1551912    189508      9.75     20292    308288    536200     27.59    123692    276912         4
12:37:19      1352660   1551912    189508      9.75     20292    308288    536200     27.59    123692    276912         4
12:37:20      1352660   1551912    189508      9.75     20292    308288    536200     27.59    123692    276912         4
12:37:21      1352660   1551912    189508      9.75     20300    308280    536200     27.59    123692    276912         4
12:37:22      1352660   1551912    189500      9.75     20300    308288    536200     27.59    123692    276912         8
12:37:23      1352660   1551912    189500      9.75     20300    308288    536200     27.59    123692    276912         8
12:37:24      1352660   1551912    189500      9.75     20300    308288    536200     27.59    123692    276912         8
12:37:25      1352660   1551912    189500      9.75     20300    308288    536200     27.59    123692    276912         8
12:37:26      1352660   1551912    189500      9.75     20300    308288    536200     27.59    123692    276912         8
12:37:27      1352660   1551912    189500      9.75     20300    308288    536200     27.59    123692    276912         8
12:37:28      1352660   1551912    189500      9.75     20300    308288    536200     27.59    123692    276912         8
Average:      1352723   1551974    189446      9.75     20293    308287    536200     27.59    123691    276895        38
