Linux 5.15.0-100-generic (dev-os) 	03/10/24 	_x86_64_	(4 CPU)

12:54:37     pgpgin/s pgpgout/s   fault/s  majflt/s  pgfree/s pgscank/s pgscand/s pgsteal/s    %vmeff
12:54:38         0.00      0.00   4797.00      0.00     36.00      0.00      0.00      0.00      0.00
12:54:39         0.00      0.00      1.00      0.00      1.00      0.00      0.00      0.00      0.00
12:54:40         0.00      0.00      0.00      0.00      0.00      0.00      0.00      0.00      0.00
12:54:41         0.00      0.00      0.00      0.00      1.00      0.00      0.00      0.00      0.00
12:54:42         0.00      0.00      0.00      0.00      0.00      0.00      0.00      0.00      0.00
12:54:43         0.00     20.00      0.00      0.00      1.00      0.00      0.00      0.00      0.00
12:54:44         0.00      0.00      0.00      0.00      0.00      0.00      0.00      0.00      0.00
12:54:45         0.00      0.00      0.00      0.00      1.00      0.00      0.00      0.00      0.00
12:54:46         0.00      0.00      0.00      0.00      0.00      0.00      0.00      0.00      0.00
12:54:47         0.00      0.00      0.00      0.00      1.00      0.00      0.00      0.00      0.00
12:54:48         0.00      0.00      0.00      0.00      0.00      0.00      0.00      0.00      0.00
12:54:49         0.00      0.00      0.00      0.00      1.00      0.00      0.00      0.00      0.00
12:54:50         0.00      0.00      0.00      0.00      0.00      0.00      0.00      0.00      0.00
12:54:51         0.00      0.00      0.00      0.00      1.00      0.00      0.00      0.00      0.00
12:54:52         0.00      0.00      0.00      0.00      0.00      0.00      0.00      0.00      0.00
12:54:53         0.00      0.00      0.00      0.00      1.00      0.00      0.00      0.00      0.00
12:54:54         0.00      0.00      0.00      0.00      0.00      0.00      0.00      0.00      0.00
12:54:55         0.00      0.00      0.00      0.00      1.00      0.00      0.00      0.00      0.00
12:54:56         0.00      0.00      0.00      0.00      0.00      0.00      0.00      0.00      0.00
12:54:57         0.00      0.00     15.00      0.00   1232.00      0.00      0.00      0.00      0.00
Average:         0.00      1.00    240.65      0.00     63.85      0.00      0.00      0.00      0.00
