Linux 5.15.0-100-generic (dev-os) 	03/10/24 	_x86_64_	(4 CPU)

12:53:23     pgpgin/s pgpgout/s   fault/s  majflt/s  pgfree/s pgscank/s pgscand/s pgsteal/s    %vmeff
12:53:24         0.00      0.00   1667.00      0.00    149.00      0.00      0.00      0.00      0.00
12:53:25         0.00      0.00      0.00      0.00      0.00      0.00      0.00      0.00      0.00
12:53:26         0.00      0.00      0.00      0.00      1.00      0.00      0.00      0.00      0.00
12:53:27         0.00     32.00      0.00      0.00      0.00      0.00      0.00      0.00      0.00
12:53:28         0.00      0.00      0.00      0.00      1.00      0.00      0.00      0.00      0.00
12:53:29         0.00      0.00      0.00      0.00      0.00      0.00      0.00      0.00      0.00
12:53:30         0.00      0.00      0.00      0.00      1.00      0.00      0.00      0.00      0.00
12:53:31         0.00      0.00      0.00      0.00      0.00      0.00      0.00      0.00      0.00
12:53:32         0.00      0.00      0.00      0.00      1.00      0.00      0.00      0.00      0.00
12:53:33         0.00      0.00      0.00      0.00      0.00      0.00      0.00      0.00      0.00
12:53:34         0.00      0.00      0.00      0.00      1.00      0.00      0.00      0.00      0.00
12:53:35         0.00      0.00      0.00      0.00      0.00      0.00      0.00      0.00      0.00
12:53:36         0.00      0.00      0.00      0.00      1.00      0.00      0.00      0.00      0.00
12:53:37         0.00      0.00      0.00      0.00      0.00      0.00      0.00      0.00      0.00
12:53:38         0.00      0.00      0.00      0.00      1.00      0.00      0.00      0.00      0.00
12:53:39         0.00      0.00      0.00      0.00      0.00      0.00      0.00      0.00      0.00
12:53:40         0.00      0.00      0.00      0.00      1.00      0.00      0.00      0.00      0.00
12:53:41         0.00      0.00      0.00      0.00      0.00      0.00      0.00      0.00      0.00
12:53:42         0.00      0.00      0.00      0.00      5.00      0.00      0.00      0.00      0.00
12:53:43         0.00      0.00      8.00      0.00     26.00      0.00      0.00      0.00      0.00
Average:         0.00      1.60     83.75      0.00      9.40      0.00      0.00      0.00      0.00
