Linux 5.15.0-100-generic (dev-os) 	03/10/24 	_x86_64_	(4 CPU)

12:52:49    kbmemfree   kbavail kbmemused  %memused kbbuffers  kbcached  kbcommit   %commit  kbactive   kbinact   kbdirty
12:52:50      1332284   1531832    202584     10.42     20484    308624   1616844     83.19    124260    278776       132
12:52:51      1332284   1531832    202584     10.42     20484    308624   1616844     83.19    124260    278776       132
12:52:52      1332284   1531832    202580     10.42     20484    308624   1616844     83.19    124260    278776       132
12:52:53      1332284   1531832    202576     10.42     20484    308624   1616844     83.19    124260    278776       132
12:52:54      1332284   1531832    202576     10.42     20484    308624   1616844     83.19    124260    278776       132
12:52:55      1332284   1531832    202572     10.42     20492    308616   1616844     83.19    124260    278776       132
12:52:56      1332284   1531832    202560     10.42     20492    308624   1616844     83.19    124260    278776       140
12:52:57      1332284   1531832    202560     10.42     20492    308624   1616844     83.19    124260    278776       140
12:52:58      1332284   1531832    202556     10.42     20492    308624   1616844     83.19    124260    278776       140
12:52:59      1332284   1531832    202556     10.42     20492    308624   1616844     83.19    124260    278776       140
12:53:00      1332284   1531832    202556     10.42     20492    308624   1616844     83.19    124260    278776       140
12:53:01      1332284   1531832    202556     10.42     20492    308624   1616844     83.19    124260    278776       140
12:53:02      1332284   1531832    202556     10.42     20492    308624   1616844     83.19    124260    278776       140
12:53:03      1332284   1531832    202552     10.42     20492    308624   1616844     83.19    124260    278776       140
12:53:04      1332284   1531832    202552     10.42     20492    308624   1616844     83.19    124260    278776       140
12:53:05      1332284   1531832    202548     10.42     20492    308624   1616844     83.19    124260    278776       140
12:53:06      1332284   1531832    202548     10.42     20492    308624   1616844     83.19    124260    278776       140
12:53:07      1332284   1531832    202548     10.42     20492    308624   1616844     83.19    124260    278776       140
12:53:08      1332284   1531832    202544     10.42     20492    308624   1616844     83.19    124260    278776       140
12:53:09      1332284   1531832    202544     10.42     20492    308624   1616844     83.19    124260    278776       140
Average:      1332284   1531832    202560     10.42     20490    308624   1616844     83.19    124260    278776       138
