Linux 5.15.0-100-generic (dev-os) 	03/10/24 	_x86_64_	(4 CPU)

12:53:58     pgpgin/s pgpgout/s   fault/s  majflt/s  pgfree/s pgscank/s pgscand/s pgsteal/s    %vmeff
12:53:59         0.00     16.00   3231.00      0.00     40.00      0.00      0.00      0.00      0.00
12:54:00         0.00      4.00      0.00      0.00      1.00      0.00      0.00      0.00      0.00
12:54:01         0.00      0.00      0.00      0.00      0.00      0.00      0.00      0.00      0.00
12:54:02         0.00      0.00      0.00      0.00      1.00      0.00      0.00      0.00      0.00
12:54:03         0.00      0.00      0.00      0.00      0.00      0.00      0.00      0.00      0.00
12:54:04         0.00      0.00      0.00      0.00      4.00      0.00      0.00      0.00      0.00
12:54:05         0.00      0.00      0.00      0.00      0.00      0.00      0.00      0.00      0.00
12:54:06         0.00      0.00      0.00      0.00      1.00      0.00      0.00      0.00      0.00
12:54:07         0.00      0.00      0.00      0.00      0.00      0.00      0.00      0.00      0.00
12:54:08         0.00      0.00      0.00      0.00      1.00      0.00      0.00      0.00      0.00
12:54:09         0.00      0.00      0.00      0.00      0.00      0.00      0.00      0.00      0.00
12:54:10         0.00      0.00      0.00      0.00      1.00      0.00      0.00      0.00      0.00
12:54:11         0.00      0.00      0.00      0.00      0.00      0.00      0.00      0.00      0.00
12:54:12         0.00      0.00      0.00      0.00      1.00      0.00      0.00      0.00      0.00
12:54:13         0.00      0.00      0.00      0.00      0.00      0.00      0.00      0.00      0.00
12:54:14         0.00      0.00      0.00      0.00      1.00      0.00      0.00      0.00      0.00
12:54:15         0.00      0.00      0.00      0.00      0.00      0.00      0.00      0.00      0.00
12:54:16         0.00      0.00      0.00      0.00      1.00      0.00      0.00      0.00      0.00
12:54:17         0.00      0.00      0.00      0.00      0.00      0.00      0.00      0.00      0.00
12:54:18         0.00      0.00     13.00      0.00    151.00      0.00      0.00      0.00      0.00
Average:         0.00      1.00    162.12      0.00     10.14      0.00      0.00      0.00      0.00
