Linux 5.15.0-100-generic (dev-os) 	03/10/24 	_x86_64_	(4 CPU)

12:55:28     pgpgin/s pgpgout/s   fault/s  majflt/s  pgfree/s pgscank/s pgscand/s pgsteal/s    %vmeff
12:55:29         0.00      0.00   6506.00      0.00     64.00      0.00      0.00      0.00      0.00
12:55:30         0.00      0.00    344.00      0.00      1.00      0.00      0.00      0.00      0.00
12:55:31         0.00      0.00      0.00      0.00      1.00      0.00      0.00      0.00      0.00
12:55:32         0.00      0.00      0.00      0.00      0.00      0.00      0.00      0.00      0.00
12:55:33         0.00      0.00      0.00      0.00      1.00      0.00      0.00      0.00      0.00
12:55:34         0.00    124.00      0.00      0.00      1.00      0.00      0.00      0.00      0.00
12:55:35         0.00      0.00      0.00      0.00      0.00      0.00      0.00      0.00      0.00
12:55:36         0.00      0.00      0.00      0.00      1.00      0.00      0.00      0.00      0.00
12:55:37         0.00      0.00      0.00      0.00      0.00      0.00      0.00      0.00      0.00
12:55:38         0.00      0.00      0.00      0.00      1.00      0.00      0.00      0.00      0.00
12:55:39         0.00     11.88      0.00      0.00      0.00      0.00      0.00      0.00      0.00
12:55:40         0.00     20.00      0.00      0.00      1.00      0.00      0.00      0.00      0.00
12:55:41         0.00      0.00      0.00      0.00      0.00      0.00      0.00      0.00      0.00
12:55:42         0.00      0.00      0.00      0.00      1.00      0.00      0.00      0.00      0.00
12:55:43         0.00      0.00      0.00      0.00      0.00      0.00      0.00      0.00      0.00
12:55:44         0.00      0.00      0.00      0.00      1.00      0.00      0.00      0.00      0.00
12:55:45         0.00      0.00      0.00      0.00      0.00      0.00      0.00      0.00      0.00
12:55:46         0.00      0.00      0.00      0.00      1.00      0.00      0.00      0.00      0.00
12:55:47         0.00      0.00      0.00      0.00      0.00      0.00      0.00      0.00      0.00
12:55:48         0.00      0.00      6.00      0.00      1.00      0.00      0.00      0.00      0.00
Average:         0.00      7.80    342.63      0.00      3.75      0.00      0.00      0.00      0.00
