Linux 5.15.0-100-generic (dev-os) 	03/10/24 	_x86_64_	(4 CPU)

12:39:45    kbmemfree   kbavail kbmemused  %memused kbbuffers  kbcached  kbcommit   %commit  kbactive   kbinact   kbdirty
12:39:46      1314992   1514348    212876     10.95     20348    308368   3862100    198.72    123852    284928        88
12:39:47      1314992   1514348    212764     10.95     20348    308368   3862100    198.72    123852    285024        88
12:39:48      1314992   1514348    212760     10.95     20348    308368   3862100    198.72    123852    285024        88
12:39:49      1314992   1514348    212756     10.95     20348    308368   3862100    198.72    123852    285024        88
12:39:50      1314992   1514348    212756     10.95     20348    308368   3862100    198.72    123852    285024        88
12:39:51      1314740   1514096    213008     10.96     20356    308360   3862100    198.72    123852    285024        88
12:39:52      1314740   1514100    212992     10.96     20356    308368   3862100    198.72    123852    285024       100
12:39:53      1314740   1514100    212992     10.96     20356    308368   3862100    198.72    123852    285024       100
12:39:54      1314740   1514100    212992     10.96     20356    308368   3862100    198.72    123852    285024       100
12:39:55      1314740   1514100    212988     10.96     20356    308368   3862100    198.72    123852    285024       100
12:39:56      1314740   1514100    212988     10.96     20356    308368   3862100    198.72    123852    285024       100
12:39:57      1314740   1514100    212988     10.96     20356    308368   3862100    198.72    123852    285024       100
12:39:58      1314740   1514100    212988     10.96     20356    308368   3862100    198.72    123852    285024       100
12:39:59      1314740   1514100    212984     10.96     20356    308368   3862100    198.72    123852    285024       100
12:40:00      1314740   1514100    212984     10.96     20356    308368   3862100    198.72    123852    285024       100
12:40:01      1314740   1514100    212984     10.96     20356    308368   3862100    198.72    123852    285024       100
12:40:02      1314740   1514100    212984     10.96     20356    308368   3862100    198.72    123852    285024       100
12:40:03      1314740   1514100    212984     10.96     20356    308368   3862100    198.72    123852    285024       100
12:40:04      1314740   1514100    212976     10.96     20356    308368   3862100    198.72    123852    285024       100
12:40:05      1314740   1514100    212976     10.96     20356    308368   3862100    198.72    123852    285024       100
Average:      1314803   1514162    212936     10.96     20354    308368   3862100    198.72    123852    285019        96
