Linux 5.15.0-100-generic (dev-os) 	03/10/24 	_x86_64_	(4 CPU)

12:40:14    kbmemfree   kbavail kbmemused  %memused kbbuffers  kbcached  kbcommit   %commit  kbactive   kbinact   kbdirty
12:40:15      1301060   1500432    221668     11.41     20356    308412   4985664    256.54    123896    286180       144
12:40:16      1301060   1500432    221668     11.41     20356    308412   4985664    256.54    123896    286348        12
12:40:17      1301060   1500432    221668     11.41     20356    308412   4985664    256.54    123896    286348        12
12:40:18      1301060   1500432    221668     11.41     20356    308412   4985664    256.54    123896    286348        12
12:40:19      1301060   1500432    221668     11.41     20356    308412   4985664    256.54    123896    286348        12
12:40:20      1301060   1500432    221668     11.41     20364    308404   4985664    256.54    123896    286348        12
12:40:21      1301060   1500432    221660     11.41     20364    308412   4985664    256.54    123896    286348         0
12:40:22      1301060   1500432    221660     11.41     20364    308412   4985664    256.54    123896    286348         0
12:40:23      1301060   1500432    221660     11.41     20364    308412   4985664    256.54    123896    286348         0
12:40:24      1301060   1500432    221660     11.41     20364    308412   4985664    256.54    123896    286348         0
12:40:25      1301060   1500432    221660     11.41     20364    308412   4985664    256.54    123896    286348         0
12:40:26      1301060   1500432    221660     11.41     20364    308412   4985664    256.54    123896    286348         0
12:40:27      1301060   1500432    221660     11.41     20364    308412   4985664    256.54    123896    286348         0
12:40:28      1301060   1500432    221660     11.41     20364    308412   4985664    256.54    123896    286348         0
12:40:29      1301060   1500432    221660     11.41     20364    308412   4985664    256.54    123896    286348         0
12:40:30      1301060   1500432    221660     11.41     20364    308412   4985664    256.54    123896    286348         0
12:40:31      1301060   1500432    221660     11.41     20364    308412   4985664    256.54    123896    286348         0
12:40:32      1301060   1500432    221660     11.41     20364    308412   4985664    256.54    123896    286348         0
12:40:33      1301060   1500432    221660     11.41     20364    308412   4985664    256.54    123896    286348         0
12:40:34      1301060   1500432    221660     11.41     20364    308412   4985664    256.54    123896    286348         0
Average:      1301060   1500432    221662     11.41     20362    308412   4985664    256.54    123896    286340        10
