Linux 5.15.0-100-generic (dev-os) 	03/10/24 	_x86_64_	(4 CPU)

12:39:14    kbmemfree   kbavail kbmemused  %memused kbbuffers  kbcached  kbcommit   %commit  kbactive   kbinact   kbdirty
12:39:15      1324844   1524180    207524     10.68     20340    308336   2738548    140.91    123820    281328       100
12:39:16      1324844   1524180    207524     10.68     20340    308336   2738548    140.91    123820    281328       100
12:39:17      1324844   1524180    207524     10.68     20340    308336   2738548    140.91    123820    281328       100
12:39:18      1324844   1524180    207524     10.68     20348    308328   2738548    140.91    123820    281328       100
12:39:19      1324844   1524184    207516     10.68     20348    308336   2738548    140.91    123820    281388       116
12:39:20      1324844   1524184    207516     10.68     20348    308336   2738548    140.91    123820    281388       116
12:39:21      1324844   1524184    207516     10.68     20348    308336   2738548    140.91    123820    281388       116
12:39:22      1324844   1524184    207516     10.68     20348    308336   2738548    140.91    123820    281388       116
12:39:23      1324844   1524184    207516     10.68     20348    308336   2738548    140.91    123820    281388       116
12:39:24      1324844   1524184    207516     10.68     20348    308336   2738548    140.91    123820    281388       116
12:39:25      1324844   1524184    207516     10.68     20348    308336   2738548    140.91    123820    281388       116
12:39:26      1324844   1524184    207516     10.68     20348    308336   2738548    140.91    123820    281388       116
12:39:27      1324844   1524184    207516     10.68     20348    308336   2738548    140.91    123820    281388       116
12:39:28      1324844   1524184    207516     10.68     20348    308336   2738548    140.91    123820    281388       116
12:39:29      1324844   1524184    207516     10.68     20348    308336   2738548    140.91    123820    281388       116
12:39:30      1324844   1524184    207516     10.68     20348    308336   2738548    140.91    123820    281388       116
12:39:31      1324844   1524184    207516     10.68     20348    308336   2738548    140.91    123820    281388       116
12:39:32      1324844   1524184    207516     10.68     20348    308336   2738548    140.91    123820    281388       116
12:39:33      1324844   1524184    207516     10.68     20348    308336   2738548    140.91    123820    281388       116
12:39:34      1324844   1524184    207516     10.68     20348    308336   2738548    140.91    123820    281388       116
Average:      1324844   1524183    207518     10.68     20347    308336   2738548    140.91    123820    281376       113
