Linux 5.15.0-100-generic (dev-os) 	03/10/24 	_x86_64_	(4 CPU)

12:40:45    kbmemfree   kbavail kbmemused  %memused kbbuffers  kbcached  kbcommit   %commit  kbactive   kbinact   kbdirty
12:40:46      1253388   1452780    250756     12.90     20364    308480   9190596    472.90    123936    294528        88
12:40:47      1251124   1450516    252416     12.99     20364    308480   9290428    478.04    123936    295308        88
12:40:48      1248616   1448008    253920     13.07     20364    308480   9479824    487.78    123936    295964        88
12:40:49      1248616   1448008    253872     13.06     20364    308480   9479824    487.78    123936    296248        88
12:40:50      1248616   1448008    253880     13.06     20364    308480   9479824    487.78    123936    296248        88
12:40:51      1248616   1448008    253876     13.06     20372    308480   9479824    487.78    123936    296248       100
12:40:52      1248616   1448008    253876     13.06     20372    308480   9479824    487.78    123936    296248       100
12:40:53      1248616   1448008    253876     13.06     20372    308480   9479824    487.78    123936    296248       100
12:40:54      1248616   1448008    253876     13.06     20372    308480   9479824    487.78    123936    296248       100
12:40:55      1248616   1448008    253880     13.06     20372    308480   9479824    487.78    123936    296248       100
12:40:56      1248616   1448008    253880     13.06     20372    308480   9479824    487.78    123936    296248       100
12:40:57      1248616   1448008    253880     13.06     20372    308480   9479824    487.78    123936    296248       100
12:40:58      1248616   1448008    253880     13.06     20372    308480   9479824    487.78    123936    296248       100
12:40:59      1248616   1448008    253880     13.06     20372    308480   9479824    487.78    123936    296248       100
12:41:00      1248616   1448008    253884     13.06     20372    308480   9479824    487.78    123936    296248       100
12:41:01      1248616   1448008    253884     13.06     20372    308480   9479824    487.78    123936    296248       100
12:41:02      1248616   1448008    253884     13.06     20372    308480   9479824    487.78    123936    296248       100
12:41:03      1248616   1448008    253884     13.06     20372    308480   9479824    487.78    123936    296248       100
12:41:04      1248616   1448008    253884     13.06     20372    308480   9479824    487.78    123936    296248       100
12:41:05      1248616   1448008    253884     13.06     20372    308480   9479824    487.78    123936    296248       100
Average:      1248980   1448372    253653     13.05     20370    308480   9455893    486.55    123936    296101        97
