Linux 5.15.0-100-generic (dev-os) 	03/10/24 	_x86_64_	(4 CPU)

13:05:11    kbmemfree   kbavail kbmemused  %memused kbbuffers  kbcached  kbcommit   %commit  kbactive   kbinact   kbdirty
13:05:12      1334672   1534408    202776     10.43     20620    308824    584224     30.06    124544    278608       228
13:05:13      1334672   1534408    202776     10.43     20628    308816    584224     30.06    124544    278788       228
13:05:14      1334672   1534408    202768     10.43     20628    308824    584224     30.06    124544    278788       240
13:05:15      1334672   1534408    202768     10.43     20628    308824    584224     30.06    124544    278788       240
13:05:16      1334672   1534408    202768     10.43     20628    308824    584224     30.06    124544    278788       240
13:05:17      1334672   1534408    202768     10.43     20628    308824    584224     30.06    124544    278788       240
13:05:18      1334672   1534408    202768     10.43     20628    308824    584224     30.06    124544    278788       240
13:05:19      1334672   1534408    202768     10.43     20628    308824    584224     30.06    124544    278788       240
13:05:20      1334672   1534408    202768     10.43     20628    308824    584224     30.06    124544    278788       240
13:05:21      1334672   1534408    202768     10.43     20628    308824    584224     30.06    124544    278788       240
13:05:22      1334672   1534408    202768     10.43     20628    308824    584224     30.06    124544    278788       240
13:05:23      1334672   1534408    202768     10.43     20628    308824    584224     30.06    124544    278788       240
13:05:24      1334672   1534408    202768     10.43     20628    308824    584224     30.06    124544    278788       240
13:05:25      1334672   1534408    202768     10.43     20628    308824    584224     30.06    124544    278788       240
13:05:26      1334672   1534408    202768     10.43     20628    308824    584224     30.06    124544    278788       240
13:05:27      1334672   1534408    202768     10.43     20628    308824    584224     30.06    124544    278788       240
13:05:28      1334672   1534408    202768     10.43     20628    308824    584224     30.06    124544    278788       240
13:05:29      1334672   1534408    202768     10.43     20628    308824    584224     30.06    124544    278788       240
13:05:30      1334672   1534408    202768     10.43     20628    308824    584224     30.06    124544    278788       240
13:05:31      1334672   1534408    202768     10.43     20628    308824    584224     30.06    124544    278788       240
Average:      1334672   1534408    202769     10.43     20628    308824    584224     30.06    124544    278779       239
