Linux 5.15.0-100-generic (dev-os) 	03/10/24 	_x86_64_	(4 CPU)

13:06:32    kbmemfree   kbavail kbmemused  %memused kbbuffers  kbcached  kbcommit   %commit  kbactive   kbinact   kbdirty
13:06:33      1338960   1538864    198280     10.20     20652    308964    584228     30.06    124580    279228       120
13:06:34      1338960   1538864    198280     10.20     20652    308964    584228     30.06    124580    279400       120
13:06:35      1338960   1538864    198280     10.20     20652    308964    584228     30.06    124580    279400       120
13:06:36      1338960   1538864    198280     10.20     20652    308964    584228     30.06    124580    279400       120
13:06:37      1338960   1538864    198280     10.20     20652    308964    584228     30.06    124580    279400       120
13:06:38      1338960   1538864    198276     10.20     20660    308960    584228     30.06    124580    279400       120
13:06:39      1338960   1538864    198272     10.20     20660    308964    584228     30.06    124580    279400       132
13:06:40      1338960   1538864    198272     10.20     20660    308964    584228     30.06    124580    279400       132
13:06:41      1338960   1538864    198272     10.20     20660    308964    584228     30.06    124580    279400       132
13:06:42      1338960   1538864    198272     10.20     20660    308964    584228     30.06    124580    279400       132
13:06:43      1338960   1538864    198272     10.20     20660    308964    584228     30.06    124580    279400       132
13:06:44      1338960   1538864    198272     10.20     20660    308964    584228     30.06    124580    279400       132
13:06:45      1338960   1538864    198272     10.20     20660    308964    584228     30.06    124580    279400       132
13:06:46      1338960   1538864    198272     10.20     20660    308964    584228     30.06    124580    279400       132
13:06:47      1338960   1538864    198272     10.20     20660    308964    584228     30.06    124580    279400       132
13:06:48      1338960   1538864    198272     10.20     20660    308964    584228     30.06    124580    279400       132
13:06:49      1338960   1538864    198272     10.20     20660    308964    584228     30.06    124580    279400       132
13:06:50      1338960   1538864    198272     10.20     20660    308964    584228     30.06    124580    279400       132
13:06:51      1338960   1538864    198272     10.20     20660    308964    584228     30.06    124580    279400       132
13:06:52      1338960   1538864    198272     10.20     20660    308964    584228     30.06    124580    279400       132
Average:      1338960   1538864    198274     10.20     20658    308964    584228     30.06    124580    279391       128
