Linux 5.15.0-100-generic (dev-os) 	03/10/24 	_x86_64_	(4 CPU)

13:04:36    kbmemfree   kbavail kbmemused  %memused kbbuffers  kbcached  kbcommit   %commit  kbactive   kbinact   kbdirty
13:04:37      1330368   1530076    207088     10.66     20596    308820    584224     30.06    124520    278748       132
13:04:38      1330368   1530076    207084     10.66     20596    308820    584224     30.06    124520    278748       132
13:04:39      1330368   1530076    207080     10.66     20596    308820    584224     30.06    124520    278748       132
13:04:40      1330368   1530076    207076     10.66     20596    308820    584224     30.06    124520    278748       132
13:04:41      1330368   1530076    207076     10.66     20596    308820    584224     30.06    124520    278748       132
13:04:42      1330116   1529824    207328     10.67     20604    308812    584224     30.06    124520    278748       132
13:04:43      1330116   1529824    207344     10.67     20604    308820    584224     30.06    124520    278748       136
13:04:44      1330116   1529824    207344     10.67     20604    308820    584224     30.06    124520    278748       136
13:04:45      1330116   1529824    207344     10.67     20604    308820    584224     30.06    124520    278748       136
13:04:46      1330116   1529824    207344     10.67     20604    308820    584224     30.06    124520    278748       136
13:04:47      1330116   1529824    207348     10.67     20604    308820    584224     30.06    124520    278748       136
13:04:48      1330116   1529824    207348     10.67     20604    308820    584224     30.06    124520    278748       136
13:04:49      1330116   1529824    207348     10.67     20604    308820    584224     30.06    124520    278748       136
13:04:50      1330116   1529824    207348     10.67     20604    308820    584224     30.06    124520    278748       136
13:04:51      1330116   1529824    207348     10.67     20604    308820    584224     30.06    124520    278748       136
13:04:52      1330116   1529824    207348     10.67     20604    308820    584224     30.06    124520    278748       136
13:04:53      1330116   1529824    207348     10.67     20604    308820    584224     30.06    124520    278748       136
13:04:54      1330116   1529824    207348     10.67     20604    308820    584224     30.06    124520    278748       136
13:04:55      1330116   1529824    207348     10.67     20604    308820    584224     30.06    124520    278748       136
13:04:56      1330116   1529824    207348     10.67     20604    308820    584224     30.06    124520    278748       136
Average:      1330179   1529887    207279     10.67     20602    308820    584224     30.06    124520    278748       135
