Linux 5.15.0-100-generic (dev-os) 	03/10/24 	_x86_64_	(4 CPU)

13:06:00    kbmemfree   kbavail kbmemused  %memused kbbuffers  kbcached  kbcommit   %commit  kbactive   kbinact   kbdirty
13:06:01      1338960   1538724    198436     10.21     20644    308832    584228     30.06    124568    278668       124
13:06:02      1338960   1538724    198436     10.21     20644    308832    584228     30.06    124568    278784       124
13:06:03      1338960   1538724    198436     10.21     20644    308832    584228     30.06    124568    278784       124
13:06:04      1338960   1538724    198436     10.21     20644    308832    584228     30.06    124568    278784       124
13:06:05      1338960   1538724    198436     10.21     20644    308832    584228     30.06    124568    278784       124
13:06:06      1338960   1538724    198428     10.21     20652    308828    584228     30.06    124568    278784       124
13:06:07      1338960   1538724    198424     10.21     20652    308832    584228     30.06    124568    278784       132
13:06:08      1338960   1538724    198424     10.21     20652    308832    584228     30.06    124568    278784       132
13:06:09      1338960   1538724    198424     10.21     20652    308832    584228     30.06    124568    278784       132
13:06:10      1338960   1538724    198424     10.21     20652    308832    584228     30.06    124568    278784       132
13:06:11      1338960   1538724    198424     10.21     20652    308832    584228     30.06    124568    278784       132
13:06:12      1338960   1538724    198424     10.21     20652    308832    584228     30.06    124568    278784       132
13:06:13      1338960   1538724    198424     10.21     20652    308832    584228     30.06    124568    278784       132
13:06:14      1338960   1538724    198424     10.21     20652    308832    584228     30.06    124568    278784       132
13:06:15      1338960   1538724    198424     10.21     20652    308832    584228     30.06    124568    278784       132
13:06:16      1338960   1538724    198424     10.21     20652    308832    584228     30.06    124568    278784       132
13:06:17      1338960   1538724    198424     10.21     20652    308832    584228     30.06    124568    278784       132
13:06:18      1338960   1538724    198424     10.21     20652    308832    584228     30.06    124568    278784       132
13:06:19      1338960   1538724    198424     10.21     20652    308832    584228     30.06    124568    278784       132
13:06:20      1338960   1538724    198424     10.21     20652    308832    584228     30.06    124568    278796       120
Average:      1338960   1538724    198427     10.21     20650    308832    584228     30.06    124568    278779       129
