Linux 5.15.0-100-generic (dev-os) 	03/10/24 	_x86_64_	(4 CPU)

13:07:04    kbmemfree   kbavail kbmemused  %memused kbbuffers  kbcached  kbcommit   %commit  kbactive   kbinact   kbdirty
13:07:05      1338960   1538876    198292     10.20     20660    308972    588960     30.30    124592    280956       136
13:07:06      1338960   1538876    198292     10.20     20660    308972    588960     30.30    124592    280956       136
13:07:07      1338960   1538876    198292     10.20     20660    308972    584760     30.09    124592    279964       136
13:07:08      1338960   1538876    198292     10.20     20660    308972    584760     30.09    124592    279916       136
13:07:09      1338960   1538876    198284     10.20     20668    308972    584760     30.09    124592    279916       136
13:07:10      1338960   1538876    198284     10.20     20668    308972    584760     30.09    124592    279916       136
13:07:11      1338960   1538876    198284     10.20     20668    308972    584760     30.09    124592    279916       136
13:07:12      1338960   1538876    198284     10.20     20668    308972    584760     30.09    124592    279916       136
13:07:13      1338960   1538876    198284     10.20     20668    308972    584760     30.09    124592    279916       136
13:07:14      1338960   1538876    198284     10.20     20668    308972    584760     30.09    124592    279916       136
13:07:15      1338960   1538876    198284     10.20     20668    308972    584760     30.09    124592    279916       136
13:07:16      1338960   1538876    198284     10.20     20668    308972    584760     30.09    124592    279916       136
13:07:17      1338960   1538876    198280     10.20     20668    308972    584760     30.09    124592    279916       136
13:07:18      1338960   1538876    198280     10.20     20668    308972    584760     30.09    124592    279916       136
13:07:19      1338960   1538876    198276     10.20     20668    308972    584760     30.09    124592    279916       136
13:07:20      1338960   1538876    198276     10.20     20668    308972    584760     30.09    124592    279916       136
13:07:21      1338960   1538876    198276     10.20     20668    308972    584760     30.09    124592    279916       136
13:07:22      1338960   1538876    198276     10.20     20668    308972    584760     30.09    124592    279916       136
13:07:23      1338960   1538876    198276     10.20     20668    308972    584760     30.09    124592    279916       136
13:07:24      1338960   1538876    198276     10.20     20668    308972    584760     30.09    124592    279916       136
Average:      1338960   1538876    198283     10.20     20666    308972    585180     30.11    124592    280022       136
