procs -----------memory---------- ---swap-- -----io---- -system-- ------cpu-----
 r  b   swpd   free   buff  cache   si   so    bi    bo   in   cs us sy id wa st
 1  0      0 307892  90540 1277776    0    0     4    25   51    7  5  2 93  0  0
 4  0      0 307640  90540 1279944    0    0     0     0   19   99 100  0  0  0  0
 4  0      0 307640  90540 1279944    0    0     0     0    1   44 100  0  0  0  0
 4  0      0 307640  90540 1279944    0    0     0     0    2   66 100  0  0  0  0
 4  0      0 307640  90540 1279944    0    0     0     0    2   58 100  0  0  0  0
 4  0      0 307640  90540 1279944    0    0     0    12    1   57 100  0  0  0  0
 4  0      0 307640  90540 1279944    0    0     0   204    3   73 100  0  0  0  0
 4  0      0 307640  90540 1279944    0    0     0     0    1   56 100  0  0  0  0
 4  0      0 307640  90540 1279944    0    0     0     0    2   65 100  0  0  0  0
 4  0      0 307640  90540 1279944    0    0     0     0    2   53 100  0  0  0  0
 4  0      0 307640  90540 1279944    0    0     0     0    2   50 100  0  0  0  0
 4  0      0 307640  90540 1279944    0    0     0     0    1   61 100  0  0  0  0
 4  0      0 307640  90540 1279944    0    0     0    20    3   66 100  0  0  0  0
 4  0      0 307640  90540 1279944    0    0     0     0    1   55 100  0  0  0  0
 4  0      0 307640  90540 1279944    0    0     0     0    2   46 100  0  0  0  0
 4  0      0 307640  90540 1279944    0    0     0     0    1   51 100  0  0  0  0
 4  0      0 307640  90540 1279944    0    0     0     0    2   60 100  0  0  0  0
 4  0      0 307640  90540 1279944    0    0     0     0    2   54 100  0  0  0  0
 4  0      0 307640  90540 1279944    0    0     0    12    3   68 100  0  0  0  0
 4  0      0 307640  90540 1279944    0    0     0     0    2   52 100  0  0  0  0
