Linux 5.15.0-97-generic (dev-os) 	03/09/24 	_x86_64_	(4 CPU)

01:23:57      UID       PID    %usr %system  %guest   %wait    %CPU   CPU  Command
Linux 5.15.0-97-generic (dev-os) 	03/09/24 	_x86_64_	(4 CPU)

01:23:58      UID       PID    %usr %system  %guest   %wait    %CPU   CPU  Command
01:23:58     1000   1927444    0.00    0.00    0.00    0.00    0.00     3  stress-ng
01:23:58     1000   1927445    0.00    0.00    0.00    0.00    0.00     2  stress-ng
01:23:58     1000   1927446    0.00    0.00    0.00    0.00    0.00     1  stress-ng
01:23:58     1000   1927447    0.00    0.00    0.00    0.00    0.00     0  stress-ng
Linux 5.15.0-97-generic (dev-os) 	03/09/24 	_x86_64_	(4 CPU)

01:23:59      UID       PID    %usr %system  %guest   %wait    %CPU   CPU  Command
01:23:59     1000   1927444    0.01    0.00    0.00    0.00    0.01     3  stress-ng
01:23:59     1000   1927445    0.01    0.00    0.00    0.00    0.01     2  stress-ng
01:23:59     1000   1927446    0.01    0.00    0.00    0.00    0.01     1  stress-ng
01:23:59     1000   1927447    0.01    0.00    0.00    0.00    0.01     0  stress-ng
Linux 5.15.0-97-generic (dev-os) 	03/09/24 	_x86_64_	(4 CPU)

01:24:00      UID       PID    %usr %system  %guest   %wait    %CPU   CPU  Command
01:24:00     1000   1927444    0.01    0.00    0.00    0.00    0.01     3  stress-ng
01:24:00     1000   1927445    0.01    0.00    0.00    0.00    0.01     2  stress-ng
01:24:00     1000   1927446    0.01    0.00    0.00    0.00    0.01     1  stress-ng
01:24:00     1000   1927447    0.01    0.00    0.00    0.00    0.01     0  stress-ng
Linux 5.15.0-97-generic (dev-os) 	03/09/24 	_x86_64_	(4 CPU)

01:24:01      UID       PID    %usr %system  %guest   %wait    %CPU   CPU  Command
01:24:01     1000   1927444    0.01    0.00    0.00    0.00    0.01     3  stress-ng
01:24:01     1000   1927445    0.01    0.00    0.00    0.00    0.01     2  stress-ng
01:24:01     1000   1927446    0.01    0.00    0.00    0.00    0.01     1  stress-ng
01:24:01     1000   1927447    0.01    0.00    0.00    0.00    0.01     0  stress-ng
Linux 5.15.0-97-generic (dev-os) 	03/09/24 	_x86_64_	(4 CPU)

01:24:02      UID       PID    %usr %system  %guest   %wait    %CPU   CPU  Command
01:24:02     1000   1927444    0.02    0.00    0.00    0.00    0.02     3  stress-ng
01:24:02     1000   1927445    0.02    0.00    0.00    0.00    0.02     2  stress-ng
01:24:02     1000   1927446    0.02    0.00    0.00    0.00    0.02     1  stress-ng
01:24:02     1000   1927447    0.02    0.00    0.00    0.00    0.02     0  stress-ng
Linux 5.15.0-97-generic (dev-os) 	03/09/24 	_x86_64_	(4 CPU)

01:24:03      UID       PID    %usr %system  %guest   %wait    %CPU   CPU  Command
01:24:03     1000   1927444    0.02    0.00    0.00    0.00    0.02     3  stress-ng
01:24:03     1000   1927445    0.02    0.00    0.00    0.00    0.02     2  stress-ng
01:24:03     1000   1927446    0.02    0.00    0.00    0.00    0.02     1  stress-ng
01:24:03     1000   1927447    0.02    0.00    0.00    0.00    0.02     0  stress-ng
Linux 5.15.0-97-generic (dev-os) 	03/09/24 	_x86_64_	(4 CPU)

01:24:04      UID       PID    %usr %system  %guest   %wait    %CPU   CPU  Command
01:24:04     1000   1927444    0.02    0.00    0.00    0.00    0.02     3  stress-ng
01:24:04     1000   1927445    0.02    0.00    0.00    0.00    0.02     2  stress-ng
01:24:04     1000   1927446    0.02    0.00    0.00    0.00    0.02     1  stress-ng
01:24:04     1000   1927447    0.02    0.00    0.00    0.00    0.02     0  stress-ng
Linux 5.15.0-97-generic (dev-os) 	03/09/24 	_x86_64_	(4 CPU)

01:24:05      UID       PID    %usr %system  %guest   %wait    %CPU   CPU  Command
01:24:05     1000   1927444    0.03    0.00    0.00    0.00    0.03     3  stress-ng
01:24:05     1000   1927445    0.03    0.00    0.00    0.00    0.03     2  stress-ng
01:24:05     1000   1927446    0.03    0.00    0.00    0.00    0.03     1  stress-ng
01:24:05     1000   1927447    0.03    0.00    0.00    0.00    0.03     0  stress-ng
Linux 5.15.0-97-generic (dev-os) 	03/09/24 	_x86_64_	(4 CPU)

01:24:06      UID       PID    %usr %system  %guest   %wait    %CPU   CPU  Command
01:24:06     1000   1927444    0.03    0.00    0.00    0.00    0.03     3  stress-ng
01:24:06     1000   1927445    0.03    0.00    0.00    0.00    0.03     2  stress-ng
01:24:06     1000   1927446    0.03    0.00    0.00    0.00    0.03     1  stress-ng
01:24:06     1000   1927447    0.03    0.00    0.00    0.00    0.03     0  stress-ng
Linux 5.15.0-97-generic (dev-os) 	03/09/24 	_x86_64_	(4 CPU)

01:24:07      UID       PID    %usr %system  %guest   %wait    %CPU   CPU  Command
01:24:07     1000   1927444    0.03    0.00    0.00    0.00    0.03     3  stress-ng
01:24:07     1000   1927445    0.03    0.00    0.00    0.00    0.03     2  stress-ng
01:24:07     1000   1927446    0.03    0.00    0.00    0.00    0.03     1  stress-ng
01:24:07     1000   1927447    0.03    0.00    0.00    0.00    0.03     0  stress-ng
Linux 5.15.0-97-generic (dev-os) 	03/09/24 	_x86_64_	(4 CPU)

01:24:08      UID       PID    %usr %system  %guest   %wait    %CPU   CPU  Command
01:24:08     1000   1927444    0.04    0.00    0.00    0.00    0.04     3  stress-ng
01:24:08     1000   1927445    0.04    0.00    0.00    0.00    0.04     2  stress-ng
01:24:08     1000   1927446    0.04    0.00    0.00    0.00    0.04     1  stress-ng
01:24:08     1000   1927447    0.04    0.00    0.00    0.00    0.04     0  stress-ng
Linux 5.15.0-97-generic (dev-os) 	03/09/24 	_x86_64_	(4 CPU)

01:24:09      UID       PID    %usr %system  %guest   %wait    %CPU   CPU  Command
01:24:09     1000   1927444    0.04    0.00    0.00    0.00    0.04     3  stress-ng
01:24:09     1000   1927445    0.04    0.00    0.00    0.00    0.04     2  stress-ng
01:24:09     1000   1927446    0.04    0.00    0.00    0.00    0.04     1  stress-ng
01:24:09     1000   1927447    0.04    0.00    0.00    0.00    0.04     0  stress-ng
Linux 5.15.0-97-generic (dev-os) 	03/09/24 	_x86_64_	(4 CPU)

01:24:10      UID       PID    %usr %system  %guest   %wait    %CPU   CPU  Command
01:24:10     1000   1927444    0.04    0.00    0.00    0.00    0.04     3  stress-ng
01:24:10     1000   1927445    0.05    0.00    0.00    0.00    0.05     2  stress-ng
01:24:10     1000   1927446    0.05    0.00    0.00    0.00    0.05     1  stress-ng
01:24:10     1000   1927447    0.05    0.00    0.00    0.00    0.05     0  stress-ng
Linux 5.15.0-97-generic (dev-os) 	03/09/24 	_x86_64_	(4 CPU)

01:24:11      UID       PID    %usr %system  %guest   %wait    %CPU   CPU  Command
01:24:11     1000   1927444    0.05    0.00    0.00    0.00    0.05     3  stress-ng
01:24:11     1000   1927445    0.05    0.00    0.00    0.00    0.05     2  stress-ng
01:24:11     1000   1927446    0.05    0.00    0.00    0.00    0.05     1  stress-ng
01:24:11     1000   1927447    0.05    0.00    0.00    0.00    0.05     0  stress-ng
Linux 5.15.0-97-generic (dev-os) 	03/09/24 	_x86_64_	(4 CPU)

01:24:12      UID       PID    %usr %system  %guest   %wait    %CPU   CPU  Command
01:24:12     1000   1927444    0.05    0.00    0.00    0.00    0.05     3  stress-ng
01:24:12     1000   1927445    0.05    0.00    0.00    0.00    0.05     2  stress-ng
01:24:12     1000   1927446    0.05    0.00    0.00    0.00    0.05     1  stress-ng
01:24:12     1000   1927447    0.05    0.00    0.00    0.00    0.05     0  stress-ng
Linux 5.15.0-97-generic (dev-os) 	03/09/24 	_x86_64_	(4 CPU)

01:24:14      UID       PID    %usr %system  %guest   %wait    %CPU   CPU  Command
01:24:14     1000   1927444    0.06    0.00    0.00    0.00    0.06     3  stress-ng
01:24:14     1000   1927445    0.06    0.00    0.00    0.00    0.06     2  stress-ng
01:24:14     1000   1927446    0.06    0.00    0.00    0.00    0.06     1  stress-ng
01:24:14     1000   1927447    0.06    0.00    0.00    0.00    0.06     0  stress-ng
Linux 5.15.0-97-generic (dev-os) 	03/09/24 	_x86_64_	(4 CPU)

01:24:15      UID       PID    %usr %system  %guest   %wait    %CPU   CPU  Command
01:24:15     1000   1927444    0.06    0.00    0.00    0.00    0.06     3  stress-ng
01:24:15     1000   1927445    0.06    0.00    0.00    0.00    0.06     2  stress-ng
01:24:15     1000   1927446    0.06    0.00    0.00    0.00    0.06     1  stress-ng
01:24:15     1000   1927447    0.06    0.00    0.00    0.00    0.06     0  stress-ng
Linux 5.15.0-97-generic (dev-os) 	03/09/24 	_x86_64_	(4 CPU)

01:24:16      UID       PID    %usr %system  %guest   %wait    %CPU   CPU  Command
01:24:16     1000   1927444    0.06    0.00    0.00    0.00    0.06     3  stress-ng
01:24:16     1000   1927445    0.06    0.00    0.00    0.00    0.06     2  stress-ng
01:24:16     1000   1927446    0.06    0.00    0.00    0.00    0.06     1  stress-ng
01:24:16     1000   1927447    0.06    0.00    0.00    0.00    0.06     0  stress-ng
Linux 5.15.0-97-generic (dev-os) 	03/09/24 	_x86_64_	(4 CPU)

01:24:17      UID       PID    %usr %system  %guest   %wait    %CPU   CPU  Command
01:24:17     1000   1927444    0.07    0.00    0.00    0.00    0.07     3  stress-ng
01:24:17     1000   1927445    0.07    0.00    0.00    0.00    0.07     2  stress-ng
01:24:17     1000   1927446    0.07    0.00    0.00    0.00    0.07     1  stress-ng
01:24:17     1000   1927447    0.07    0.00    0.00    0.00    0.07     0  stress-ng
