Linux 5.15.0-97-generic (dev-os) 	03/09/24 	_x86_64_	(4 CPU)

01:26:08      UID       PID    %usr %system  %guest   %wait    %CPU   CPU  Command
Linux 5.15.0-97-generic (dev-os) 	03/09/24 	_x86_64_	(4 CPU)

01:26:10      UID       PID    %usr %system  %guest   %wait    %CPU   CPU  Command
01:26:10     1000   1927598    0.00    0.00    0.00    0.00    0.00     1  stress-ng
01:26:10     1000   1927599    0.00    0.00    0.00    0.00    0.00     0  stress-ng
01:26:10     1000   1927600    0.00    0.00    0.00    0.00    0.00     2  stress-ng
01:26:10     1000   1927601    0.00    0.00    0.00    0.00    0.00     3  stress-ng
Linux 5.15.0-97-generic (dev-os) 	03/09/24 	_x86_64_	(4 CPU)

01:26:11      UID       PID    %usr %system  %guest   %wait    %CPU   CPU  Command
01:26:11     1000   1927598    0.01    0.00    0.00    0.00    0.01     1  stress-ng
01:26:11     1000   1927599    0.01    0.00    0.00    0.00    0.01     0  stress-ng
01:26:11     1000   1927600    0.01    0.00    0.00    0.00    0.01     2  stress-ng
01:26:11     1000   1927601    0.01    0.00    0.00    0.00    0.01     3  stress-ng
Linux 5.15.0-97-generic (dev-os) 	03/09/24 	_x86_64_	(4 CPU)

01:26:12      UID       PID    %usr %system  %guest   %wait    %CPU   CPU  Command
01:26:12     1000   1927598    0.01    0.00    0.00    0.00    0.01     1  stress-ng
01:26:12     1000   1927599    0.01    0.00    0.00    0.00    0.01     0  stress-ng
01:26:12     1000   1927600    0.01    0.00    0.00    0.00    0.01     2  stress-ng
01:26:12     1000   1927601    0.01    0.00    0.00    0.00    0.01     3  stress-ng
Linux 5.15.0-97-generic (dev-os) 	03/09/24 	_x86_64_	(4 CPU)

01:26:13      UID       PID    %usr %system  %guest   %wait    %CPU   CPU  Command
01:26:13     1000   1927598    0.01    0.00    0.00    0.00    0.01     1  stress-ng
01:26:13     1000   1927599    0.01    0.00    0.00    0.00    0.01     0  stress-ng
01:26:13     1000   1927600    0.01    0.00    0.00    0.00    0.01     2  stress-ng
01:26:13     1000   1927601    0.01    0.00    0.00    0.00    0.01     3  stress-ng
Linux 5.15.0-97-generic (dev-os) 	03/09/24 	_x86_64_	(4 CPU)

01:26:14      UID       PID    %usr %system  %guest   %wait    %CPU   CPU  Command
01:26:14     1000   1927598    0.02    0.00    0.00    0.00    0.02     1  stress-ng
01:26:14     1000   1927599    0.02    0.00    0.00    0.00    0.02     0  stress-ng
01:26:14     1000   1927600    0.02    0.00    0.00    0.00    0.02     2  stress-ng
01:26:14     1000   1927601    0.02    0.00    0.00    0.00    0.02     3  stress-ng
Linux 5.15.0-97-generic (dev-os) 	03/09/24 	_x86_64_	(4 CPU)

01:26:15      UID       PID    %usr %system  %guest   %wait    %CPU   CPU  Command
01:26:15     1000   1927598    0.02    0.00    0.00    0.00    0.02     1  stress-ng
01:26:15     1000   1927599    0.02    0.00    0.00    0.00    0.02     0  stress-ng
01:26:15     1000   1927600    0.02    0.00    0.00    0.00    0.02     2  stress-ng
01:26:15     1000   1927601    0.02    0.00    0.00    0.00    0.02     3  stress-ng
Linux 5.15.0-97-generic (dev-os) 	03/09/24 	_x86_64_	(4 CPU)

01:26:16      UID       PID    %usr %system  %guest   %wait    %CPU   CPU  Command
01:26:16     1000   1927598    0.02    0.00    0.00    0.00    0.02     1  stress-ng
01:26:16     1000   1927599    0.02    0.00    0.00    0.00    0.02     0  stress-ng
01:26:16     1000   1927600    0.02    0.00    0.00    0.00    0.02     2  stress-ng
01:26:16     1000   1927601    0.02    0.00    0.00    0.00    0.02     3  stress-ng
Linux 5.15.0-97-generic (dev-os) 	03/09/24 	_x86_64_	(4 CPU)

01:26:17      UID       PID    %usr %system  %guest   %wait    %CPU   CPU  Command
01:26:17     1000   1927598    0.03    0.00    0.00    0.00    0.03     1  stress-ng
01:26:17     1000   1927599    0.03    0.00    0.00    0.00    0.03     0  stress-ng
01:26:17     1000   1927600    0.03    0.00    0.00    0.00    0.03     2  stress-ng
01:26:17     1000   1927601    0.03    0.00    0.00    0.00    0.03     3  stress-ng
Linux 5.15.0-97-generic (dev-os) 	03/09/24 	_x86_64_	(4 CPU)

01:26:18      UID       PID    %usr %system  %guest   %wait    %CPU   CPU  Command
01:26:18     1000   1927598    0.03    0.00    0.00    0.00    0.03     1  stress-ng
01:26:18     1000   1927599    0.03    0.00    0.00    0.00    0.03     0  stress-ng
01:26:18     1000   1927600    0.03    0.00    0.00    0.00    0.03     2  stress-ng
01:26:18     1000   1927601    0.03    0.00    0.00    0.00    0.03     3  stress-ng
Linux 5.15.0-97-generic (dev-os) 	03/09/24 	_x86_64_	(4 CPU)

01:26:19      UID       PID    %usr %system  %guest   %wait    %CPU   CPU  Command
01:26:19     1000   1927598    0.03    0.00    0.00    0.00    0.03     1  stress-ng
01:26:19     1000   1927599    0.03    0.00    0.00    0.00    0.03     0  stress-ng
01:26:19     1000   1927600    0.03    0.00    0.00    0.00    0.03     2  stress-ng
01:26:19     1000   1927601    0.03    0.00    0.00    0.00    0.03     3  stress-ng
Linux 5.15.0-97-generic (dev-os) 	03/09/24 	_x86_64_	(4 CPU)

01:26:20      UID       PID    %usr %system  %guest   %wait    %CPU   CPU  Command
01:26:20     1000   1927598    0.04    0.00    0.00    0.00    0.04     1  stress-ng
01:26:20     1000   1927599    0.04    0.00    0.00    0.00    0.04     0  stress-ng
01:26:20     1000   1927600    0.04    0.00    0.00    0.00    0.04     2  stress-ng
01:26:20     1000   1927601    0.04    0.00    0.00    0.00    0.04     3  stress-ng
Linux 5.15.0-97-generic (dev-os) 	03/09/24 	_x86_64_	(4 CPU)

01:26:21      UID       PID    %usr %system  %guest   %wait    %CPU   CPU  Command
01:26:21     1000   1927598    0.04    0.00    0.00    0.00    0.04     1  stress-ng
01:26:21     1000   1927599    0.04    0.00    0.00    0.00    0.04     0  stress-ng
01:26:21     1000   1927600    0.04    0.00    0.00    0.00    0.04     2  stress-ng
01:26:21     1000   1927601    0.04    0.00    0.00    0.00    0.04     3  stress-ng
Linux 5.15.0-97-generic (dev-os) 	03/09/24 	_x86_64_	(4 CPU)

01:26:22      UID       PID    %usr %system  %guest   %wait    %CPU   CPU  Command
01:26:22     1000   1927598    0.04    0.00    0.00    0.00    0.04     1  stress-ng
01:26:22     1000   1927599    0.04    0.00    0.00    0.00    0.04     0  stress-ng
01:26:22     1000   1927600    0.04    0.00    0.00    0.00    0.04     2  stress-ng
01:26:22     1000   1927601    0.04    0.00    0.00    0.00    0.04     3  stress-ng
Linux 5.15.0-97-generic (dev-os) 	03/09/24 	_x86_64_	(4 CPU)

01:26:23      UID       PID    %usr %system  %guest   %wait    %CPU   CPU  Command
01:26:23     1000   1927598    0.05    0.00    0.00    0.00    0.05     1  stress-ng
01:26:23     1000   1927599    0.05    0.00    0.00    0.00    0.05     0  stress-ng
01:26:23     1000   1927600    0.05    0.00    0.00    0.00    0.05     2  stress-ng
01:26:23     1000   1927601    0.05    0.00    0.00    0.00    0.05     3  stress-ng
Linux 5.15.0-97-generic (dev-os) 	03/09/24 	_x86_64_	(4 CPU)

01:26:24      UID       PID    %usr %system  %guest   %wait    %CPU   CPU  Command
01:26:24     1000   1927598    0.05    0.00    0.00    0.00    0.05     1  stress-ng
01:26:24     1000   1927599    0.05    0.00    0.00    0.00    0.05     0  stress-ng
01:26:24     1000   1927600    0.05    0.00    0.00    0.00    0.05     2  stress-ng
01:26:24     1000   1927601    0.05    0.00    0.00    0.00    0.05     3  stress-ng
Linux 5.15.0-97-generic (dev-os) 	03/09/24 	_x86_64_	(4 CPU)

01:26:25      UID       PID    %usr %system  %guest   %wait    %CPU   CPU  Command
01:26:25     1000   1927598    0.06    0.00    0.00    0.00    0.06     1  stress-ng
01:26:25     1000   1927599    0.05    0.00    0.00    0.00    0.05     0  stress-ng
01:26:25     1000   1927600    0.06    0.00    0.00    0.00    0.06     2  stress-ng
01:26:25     1000   1927601    0.06    0.00    0.00    0.00    0.06     3  stress-ng
Linux 5.15.0-97-generic (dev-os) 	03/09/24 	_x86_64_	(4 CPU)

01:26:26      UID       PID    %usr %system  %guest   %wait    %CPU   CPU  Command
01:26:26     1000   1927598    0.06    0.00    0.00    0.00    0.06     1  stress-ng
01:26:26     1000   1927599    0.06    0.00    0.00    0.00    0.06     0  stress-ng
01:26:26     1000   1927600    0.06    0.00    0.00    0.00    0.06     2  stress-ng
01:26:26     1000   1927601    0.06    0.00    0.00    0.00    0.06     3  stress-ng
Linux 5.15.0-97-generic (dev-os) 	03/09/24 	_x86_64_	(4 CPU)

01:26:27      UID       PID    %usr %system  %guest   %wait    %CPU   CPU  Command
01:26:27     1000   1927598    0.06    0.00    0.00    0.00    0.06     1  stress-ng
01:26:27     1000   1927599    0.06    0.00    0.00    0.00    0.06     0  stress-ng
01:26:27     1000   1927600    0.06    0.00    0.00    0.00    0.06     2  stress-ng
01:26:27     1000   1927601    0.06    0.00    0.00    0.00    0.06     3  stress-ng
Linux 5.15.0-97-generic (dev-os) 	03/09/24 	_x86_64_	(4 CPU)

01:26:28      UID       PID    %usr %system  %guest   %wait    %CPU   CPU  Command
01:26:28     1000   1927598    0.07    0.00    0.00    0.00    0.07     1  stress-ng
01:26:28     1000   1927599    0.07    0.00    0.00    0.00    0.07     0  stress-ng
01:26:28     1000   1927600    0.07    0.00    0.00    0.00    0.07     2  stress-ng
01:26:28     1000   1927601    0.07    0.00    0.00    0.00    0.07     3  stress-ng
