procs -----------memory---------- ---swap-- -----io---- -system-- ------cpu-----
 r  b   swpd   free   buff  cache   si   so    bi    bo   in   cs us sy id wa st
 1  0      0 305620  90540 1277764    0    0     4    25   51    7  5  2 93  0  0
 4  0      0 305620  90540 1279932    0    0     0    40   18  115 100  0  0  0  0
 4  0      0 305620  90540 1279932    0    0     0     0   13  119 100  0  0  0  0
 4  0      0 305620  90540 1279932    0    0     0     0    8   89 100  0  0  0  0
 4  0      0 305620  90540 1279932    0    0     0     0   23  159 100  0  0  0  0
 4  0      0 305620  90540 1279932    0    0     0     0    2   55 100  0  0  0  0
 4  0      0 305620  90540 1279932    0    0     0   212   16  118 100  0  0  0  0
 4  0      0 305620  90540 1279932    0    0     0     0    2   60 100  0  0  0  0
 4  0      0 305620  90540 1279932    0    0     0     0    1   41 100  0  0  0  0
 4  0      0 305620  90540 1279932    0    0     0     0    2   57 100  0  0  0  0
 4  0      0 305620  90540 1279932    0    0     0     0    2   55 100  0  0  0  0
 4  0      0 305620  90540 1279932    0    0     0    28    3   72 100  0  0  0  0
 4  0      0 305620  90540 1279932    0    0     0     0    2   51 100  0  0  0  0
 4  0      0 305620  90540 1279932    0    0     0     0    3   55 100  0  0  0  0
 4  0      0 305620  90540 1279932    0    0     0     0    2   59 100  0  0  0  0
 4  0      0 305620  90540 1279932    0    0     0     0    1   51 100  0  0  0  0
 4  0      0 305620  90540 1279932    0    0     0     8    4   61 100  0  0  0  0
 4  0      0 305620  90540 1279932    0    0     0    12    7   89 100  0  0  0  0
 4  0      0 305620  90540 1279932    0    0     0     0    5   72 100  0  0  0  0
 4  0      0 305620  90540 1279932    0    0     0     0    2   56 100  0  0  0  0
