Linux 5.15.0-97-generic (dev-os) 	03/09/24 	_x86_64_	(4 CPU)

avg-cpu:  %user   %nice %system %iowait  %steal   %idle
           5.45    0.04    2.21    0.36    0.00   91.94

Device             tps    kB_read/s    kB_wrtn/s    kB_dscd/s    kB_read    kB_wrtn    kB_dscd
loop0             0.00         0.00         0.00         0.00         17          0          0
loop1             0.01         0.07         0.00         0.00       2322          0          0
loop2             0.00         0.03         0.00         0.00       1080          0          0
loop3             0.00         0.04         0.00         0.00       1094          0          0
loop4             0.00         0.03         0.00         0.00        939          0          0
loop5             0.00         0.01         0.00         0.00        343          0          0
loop6             0.02         0.78         0.00         0.00      24295          0          0
loop7             0.00         0.00         0.00         0.00         14          0          0
sda              11.24        15.43       119.56        29.08     478810    3708781     902248
sr0               0.00         0.01         0.00         0.00        174          0          0


Linux 5.15.0-97-generic (dev-os) 	03/09/24 	_x86_64_	(4 CPU)

avg-cpu:  %user   %nice %system %iowait  %steal   %idle
           5.45    0.04    2.21    0.36    0.00   91.94

Device             tps    kB_read/s    kB_wrtn/s    kB_dscd/s    kB_read    kB_wrtn    kB_dscd
loop0             0.00         0.00         0.00         0.00         17          0          0
loop1             0.01         0.07         0.00         0.00       2322          0          0
loop2             0.00         0.03         0.00         0.00       1080          0          0
loop3             0.00         0.04         0.00         0.00       1094          0          0
loop4             0.00         0.03         0.00         0.00        939          0          0
loop5             0.00         0.01         0.00         0.00        343          0          0
loop6             0.02         0.78         0.00         0.00      24295          0          0
loop7             0.00         0.00         0.00         0.00         14          0          0
sda              11.25        15.43       119.66        29.08     478810    3712021     902248
sr0               0.00         0.01         0.00         0.00        174          0          0


Linux 5.15.0-97-generic (dev-os) 	03/09/24 	_x86_64_	(4 CPU)

avg-cpu:  %user   %nice %system %iowait  %steal   %idle
           5.45    0.04    2.21    0.36    0.00   91.93

Device             tps    kB_read/s    kB_wrtn/s    kB_dscd/s    kB_read    kB_wrtn    kB_dscd
loop0             0.00         0.00         0.00         0.00         17          0          0
loop1             0.01         0.07         0.00         0.00       2322          0          0
loop2             0.00         0.03         0.00         0.00       1080          0          0
loop3             0.00         0.04         0.00         0.00       1094          0          0
loop4             0.00         0.03         0.00         0.00        939          0          0
loop5             0.00         0.01         0.00         0.00        343          0          0
loop6             0.02         0.78         0.00         0.00      24295          0          0
loop7             0.00         0.00         0.00         0.00         14          0          0
sda              11.27        15.43       119.75        29.08     478810    3715193     902248
sr0               0.00         0.01         0.00         0.00        174          0          0


Linux 5.15.0-97-generic (dev-os) 	03/09/24 	_x86_64_	(4 CPU)

avg-cpu:  %user   %nice %system %iowait  %steal   %idle
           5.45    0.04    2.21    0.36    0.00   91.93

Device             tps    kB_read/s    kB_wrtn/s    kB_dscd/s    kB_read    kB_wrtn    kB_dscd
loop0             0.00         0.00         0.00         0.00         17          0          0
loop1             0.01         0.07         0.00         0.00       2322          0          0
loop2             0.00         0.03         0.00         0.00       1080          0          0
loop3             0.00         0.04         0.00         0.00       1094          0          0
loop4             0.00         0.03         0.00         0.00        939          0          0
loop5             0.00         0.01         0.00         0.00        343          0          0
loop6             0.02         0.78         0.00         0.00      24295          0          0
loop7             0.00         0.00         0.00         0.00         14          0          0
sda              11.28        15.43       119.84        29.08     478810    3717941     902248
sr0               0.00         0.01         0.00         0.00        174          0          0


Linux 5.15.0-97-generic (dev-os) 	03/09/24 	_x86_64_	(4 CPU)

avg-cpu:  %user   %nice %system %iowait  %steal   %idle
           5.45    0.04    2.21    0.36    0.00   91.93

Device             tps    kB_read/s    kB_wrtn/s    kB_dscd/s    kB_read    kB_wrtn    kB_dscd
loop0             0.00         0.00         0.00         0.00         17          0          0
loop1             0.01         0.07         0.00         0.00       2322          0          0
loop2             0.00         0.03         0.00         0.00       1080          0          0
loop3             0.00         0.04         0.00         0.00       1094          0          0
loop4             0.00         0.03         0.00         0.00        939          0          0
loop5             0.00         0.01         0.00         0.00        343          0          0
loop6             0.02         0.78         0.00         0.00      24295          0          0
loop7             0.00         0.00         0.00         0.00         14          0          0
sda              11.29        15.43       119.93        29.08     478810    3720793     902248
sr0               0.00         0.01         0.00         0.00        174          0          0


Linux 5.15.0-97-generic (dev-os) 	03/09/24 	_x86_64_	(4 CPU)

avg-cpu:  %user   %nice %system %iowait  %steal   %idle
           5.45    0.04    2.22    0.36    0.00   91.93

Device             tps    kB_read/s    kB_wrtn/s    kB_dscd/s    kB_read    kB_wrtn    kB_dscd
loop0             0.00         0.00         0.00         0.00         17          0          0
loop1             0.01         0.07         0.00         0.00       2322          0          0
loop2             0.00         0.03         0.00         0.00       1080          0          0
loop3             0.00         0.04         0.00         0.00       1094          0          0
loop4             0.00         0.03         0.00         0.00        939          0          0
loop5             0.00         0.01         0.00         0.00        343          0          0
loop6             0.02         0.78         0.00         0.00      24295          0          0
loop7             0.00         0.00         0.00         0.00         14          0          0
sda              11.31        15.43       120.03        29.08     478810    3724053     902248
sr0               0.00         0.01         0.00         0.00        174          0          0


Linux 5.15.0-97-generic (dev-os) 	03/09/24 	_x86_64_	(4 CPU)

avg-cpu:  %user   %nice %system %iowait  %steal   %idle
           5.46    0.04    2.22    0.36    0.00   91.92

Device             tps    kB_read/s    kB_wrtn/s    kB_dscd/s    kB_read    kB_wrtn    kB_dscd
loop0             0.00         0.00         0.00         0.00         17          0          0
loop1             0.01         0.07         0.00         0.00       2322          0          0
loop2             0.00         0.03         0.00         0.00       1080          0          0
loop3             0.00         0.04         0.00         0.00       1094          0          0
loop4             0.00         0.03         0.00         0.00        939          0          0
loop5             0.00         0.01         0.00         0.00        343          0          0
loop6             0.02         0.78         0.00         0.00      24295          0          0
loop7             0.00         0.00         0.00         0.00         14          0          0
sda              11.32        15.43       120.13        29.08     478810    3727293     902248
sr0               0.00         0.01         0.00         0.00        174          0          0


Linux 5.15.0-97-generic (dev-os) 	03/09/24 	_x86_64_	(4 CPU)

avg-cpu:  %user   %nice %system %iowait  %steal   %idle
           5.46    0.04    2.22    0.36    0.00   91.92

Device             tps    kB_read/s    kB_wrtn/s    kB_dscd/s    kB_read    kB_wrtn    kB_dscd
loop0             0.00         0.00         0.00         0.00         17          0          0
loop1             0.01         0.07         0.00         0.00       2322          0          0
loop2             0.00         0.03         0.00         0.00       1080          0          0
loop3             0.00         0.04         0.00         0.00       1094          0          0
loop4             0.00         0.03         0.00         0.00        939          0          0
loop5             0.00         0.01         0.00         0.00        343          0          0
loop6             0.02         0.78         0.00         0.00      24295          0          0
loop7             0.00         0.00         0.00         0.00         14          0          0
sda              11.33        15.43       120.22        29.08     478810    3730289     902248
sr0               0.00         0.01         0.00         0.00        174          0          0


Linux 5.15.0-97-generic (dev-os) 	03/09/24 	_x86_64_	(4 CPU)

avg-cpu:  %user   %nice %system %iowait  %steal   %idle
           5.46    0.04    2.22    0.36    0.00   91.92

Device             tps    kB_read/s    kB_wrtn/s    kB_dscd/s    kB_read    kB_wrtn    kB_dscd
loop0             0.00         0.00         0.00         0.00         17          0          0
loop1             0.01         0.07         0.00         0.00       2322          0          0
loop2             0.00         0.03         0.00         0.00       1080          0          0
loop3             0.00         0.04         0.00         0.00       1094          0          0
loop4             0.00         0.03         0.00         0.00        939          0          0
loop5             0.00         0.01         0.00         0.00        343          0          0
loop6             0.02         0.78         0.00         0.00      24295          0          0
loop7             0.00         0.00         0.00         0.00         14          0          0
sda              11.34        15.43       120.32        29.08     478810    3733417     902248
sr0               0.00         0.01         0.00         0.00        174          0          0


Linux 5.15.0-97-generic (dev-os) 	03/09/24 	_x86_64_	(4 CPU)

avg-cpu:  %user   %nice %system %iowait  %steal   %idle
           5.46    0.04    2.22    0.36    0.00   91.91

Device             tps    kB_read/s    kB_wrtn/s    kB_dscd/s    kB_read    kB_wrtn    kB_dscd
loop0             0.00         0.00         0.00         0.00         17          0          0
loop1             0.01         0.07         0.00         0.00       2322          0          0
loop2             0.00         0.03         0.00         0.00       1080          0          0
loop3             0.00         0.04         0.00         0.00       1094          0          0
loop4             0.00         0.03         0.00         0.00        939          0          0
loop5             0.00         0.01         0.00         0.00        343          0          0
loop6             0.02         0.78         0.00         0.00      24295          0          0
loop7             0.00         0.00         0.00         0.00         14          0          0
sda              11.37        15.43       120.49        29.08     478810    3738793     902248
sr0               0.00         0.01         0.00         0.00        174          0          0


Linux 5.15.0-97-generic (dev-os) 	03/09/24 	_x86_64_	(4 CPU)

avg-cpu:  %user   %nice %system %iowait  %steal   %idle
           5.46    0.04    2.22    0.36    0.00   91.91

Device             tps    kB_read/s    kB_wrtn/s    kB_dscd/s    kB_read    kB_wrtn    kB_dscd
loop0             0.00         0.00         0.00         0.00         17          0          0
loop1             0.01         0.07         0.00         0.00       2322          0          0
loop2             0.00         0.03         0.00         0.00       1080          0          0
loop3             0.00         0.04         0.00         0.00       1094          0          0
loop4             0.00         0.03         0.00         0.00        939          0          0
loop5             0.00         0.01         0.00         0.00        343          0          0
loop6             0.02         0.78         0.00         0.00      24295          0          0
loop7             0.00         0.00         0.00         0.00         14          0          0
sda              11.40        15.43       120.68        29.07     478810    3744945     902248
sr0               0.00         0.01         0.00         0.00        174          0          0


Linux 5.15.0-97-generic (dev-os) 	03/09/24 	_x86_64_	(4 CPU)

avg-cpu:  %user   %nice %system %iowait  %steal   %idle
           5.46    0.04    2.22    0.36    0.00   91.91

Device             tps    kB_read/s    kB_wrtn/s    kB_dscd/s    kB_read    kB_wrtn    kB_dscd
loop0             0.00         0.00         0.00         0.00         17          0          0
loop1             0.01         0.07         0.00         0.00       2322          0          0
loop2             0.00         0.03         0.00         0.00       1080          0          0
loop3             0.00         0.04         0.00         0.00       1094          0          0
loop4             0.00         0.03         0.00         0.00        939          0          0
loop5             0.00         0.01         0.00         0.00        343          0          0
loop6             0.02         0.78         0.00         0.00      24295          0          0
loop7             0.00         0.00         0.00         0.00         14          0          0
sda              11.43        15.43       120.86        29.07     478810    3750669     902248
sr0               0.00         0.01         0.00         0.00        174          0          0


Linux 5.15.0-97-generic (dev-os) 	03/09/24 	_x86_64_	(4 CPU)

avg-cpu:  %user   %nice %system %iowait  %steal   %idle
           5.47    0.04    2.23    0.36    0.00   91.90

Device             tps    kB_read/s    kB_wrtn/s    kB_dscd/s    kB_read    kB_wrtn    kB_dscd
loop0             0.00         0.00         0.00         0.00         17          0          0
loop1             0.01         0.07         0.00         0.00       2322          0          0
loop2             0.00         0.03         0.00         0.00       1080          0          0
loop3             0.00         0.04         0.00         0.00       1094          0          0
loop4             0.00         0.03         0.00         0.00        939          0          0
loop5             0.00         0.01         0.00         0.00        343          0          0
loop6             0.02         0.78         0.00         0.00      24295          0          0
loop7             0.00         0.00         0.00         0.00         14          0          0
sda              11.44        15.43       120.95        29.07     478810    3753557     902248
sr0               0.00         0.01         0.00         0.00        174          0          0


Linux 5.15.0-97-generic (dev-os) 	03/09/24 	_x86_64_	(4 CPU)

avg-cpu:  %user   %nice %system %iowait  %steal   %idle
           5.47    0.04    2.23    0.36    0.00   91.90

Device             tps    kB_read/s    kB_wrtn/s    kB_dscd/s    kB_read    kB_wrtn    kB_dscd
loop0             0.00         0.00         0.00         0.00         17          0          0
loop1             0.01         0.07         0.00         0.00       2322          0          0
loop2             0.00         0.03         0.00         0.00       1080          0          0
loop3             0.00         0.04         0.00         0.00       1094          0          0
loop4             0.00         0.03         0.00         0.00        939          0          0
loop5             0.00         0.01         0.00         0.00        343          0          0
loop6             0.02         0.78         0.00         0.00      24295          0          0
loop7             0.00         0.00         0.00         0.00         14          0          0
sda              11.45        15.43       121.24        29.07     478810    3762813     902248
sr0               0.00         0.01         0.00         0.00        174          0          0


Linux 5.15.0-97-generic (dev-os) 	03/09/24 	_x86_64_	(4 CPU)

avg-cpu:  %user   %nice %system %iowait  %steal   %idle
           5.47    0.04    2.23    0.36    0.00   91.90

Device             tps    kB_read/s    kB_wrtn/s    kB_dscd/s    kB_read    kB_wrtn    kB_dscd
loop0             0.00         0.00         0.00         0.00         17          0          0
loop1             0.01         0.07         0.00         0.00       2322          0          0
loop2             0.00         0.03         0.00         0.00       1080          0          0
loop3             0.00         0.04         0.00         0.00       1094          0          0
loop4             0.00         0.03         0.00         0.00        939          0          0
loop5             0.00         0.01         0.00         0.00        343          0          0
loop6             0.02         0.78         0.00         0.00      24295          0          0
loop7             0.00         0.00         0.00         0.00         14          0          0
sda              11.47        15.43       121.35        29.07     478810    3766097     902248
sr0               0.00         0.01         0.00         0.00        174          0          0


Linux 5.15.0-97-generic (dev-os) 	03/09/24 	_x86_64_	(4 CPU)

avg-cpu:  %user   %nice %system %iowait  %steal   %idle
           5.47    0.04    2.23    0.36    0.00   91.89

Device             tps    kB_read/s    kB_wrtn/s    kB_dscd/s    kB_read    kB_wrtn    kB_dscd
loop0             0.00         0.00         0.00         0.00         17          0          0
loop1             0.01         0.07         0.00         0.00       2322          0          0
loop2             0.00         0.03         0.00         0.00       1080          0          0
loop3             0.00         0.04         0.00         0.00       1094          0          0
loop4             0.00         0.03         0.00         0.00        939          0          0
loop5             0.00         0.01         0.00         0.00        343          0          0
loop6             0.02         0.78         0.00         0.00      24295          0          0
loop7             0.00         0.00         0.00         0.00         14          0          0
sda              11.48        15.43       121.44        29.07     478810    3769141     902248
sr0               0.00         0.01         0.00         0.00        174          0          0


Linux 5.15.0-97-generic (dev-os) 	03/09/24 	_x86_64_	(4 CPU)

avg-cpu:  %user   %nice %system %iowait  %steal   %idle
           5.47    0.04    2.23    0.36    0.00   91.89

Device             tps    kB_read/s    kB_wrtn/s    kB_dscd/s    kB_read    kB_wrtn    kB_dscd
loop0             0.00         0.00         0.00         0.00         17          0          0
loop1             0.01         0.07         0.00         0.00       2322          0          0
loop2             0.00         0.03         0.00         0.00       1080          0          0
loop3             0.00         0.04         0.00         0.00       1094          0          0
loop4             0.00         0.03         0.00         0.00        939          0          0
loop5             0.00         0.01         0.00         0.00        343          0          0
loop6             0.02         0.78         0.00         0.00      24295          0          0
loop7             0.00         0.00         0.00         0.00         14          0          0
sda              11.49        15.43       121.54        29.07     478810    3772313     902248
sr0               0.00         0.01         0.00         0.00        174          0          0


Linux 5.15.0-97-generic (dev-os) 	03/09/24 	_x86_64_	(4 CPU)

avg-cpu:  %user   %nice %system %iowait  %steal   %idle
           5.48    0.04    2.23    0.36    0.00   91.89

Device             tps    kB_read/s    kB_wrtn/s    kB_dscd/s    kB_read    kB_wrtn    kB_dscd
loop0             0.00         0.00         0.00         0.00         17          0          0
loop1             0.01         0.07         0.00         0.00       2322          0          0
loop2             0.00         0.03         0.00         0.00       1080          0          0
loop3             0.00         0.04         0.00         0.00       1094          0          0
loop4             0.00         0.03         0.00         0.00        939          0          0
loop5             0.00         0.01         0.00         0.00        343          0          0
loop6             0.02         0.78         0.00         0.00      24295          0          0
loop7             0.00         0.00         0.00         0.00         14          0          0
sda              11.51        15.43       121.63        29.07     478810    3775237     902248
sr0               0.00         0.01         0.00         0.00        174          0          0


Linux 5.15.0-97-generic (dev-os) 	03/09/24 	_x86_64_	(4 CPU)

avg-cpu:  %user   %nice %system %iowait  %steal   %idle
           5.48    0.04    2.23    0.36    0.00   91.88

Device             tps    kB_read/s    kB_wrtn/s    kB_dscd/s    kB_read    kB_wrtn    kB_dscd
loop0             0.00         0.00         0.00         0.00         17          0          0
loop1             0.01         0.07         0.00         0.00       2322          0          0
loop2             0.00         0.03         0.00         0.00       1080          0          0
loop3             0.00         0.04         0.00         0.00       1094          0          0
loop4             0.00         0.03         0.00         0.00        939          0          0
loop5             0.00         0.01         0.00         0.00        343          0          0
loop6             0.02         0.78         0.00         0.00      24295          0          0
loop7             0.00         0.00         0.00         0.00         14          0          0
sda              11.52        15.43       121.77        29.07     478810    3779753     902248
sr0               0.00         0.01         0.00         0.00        174          0          0


