Linux 5.15.0-97-generic (dev-os) 	03/09/24 	_x86_64_	(4 CPU)

01:38:53      UID       PID   kB_rd/s   kB_wr/s kB_ccwr/s iodelay  Command
Linux 5.15.0-97-generic (dev-os) 	03/09/24 	_x86_64_	(4 CPU)

01:38:54      UID       PID   kB_rd/s   kB_wr/s kB_ccwr/s iodelay  Command
01:38:54     1000   1927930      0.00      0.03      0.00       0  stress-ng
01:38:54     1000   1927931      0.00      0.03      0.00       0  stress-ng
01:38:54     1000   1927932      0.00      0.03      0.00       0  stress-ng
01:38:54     1000   1927933      0.00      0.03      0.00       0  stress-ng
01:38:54     1000   1927934      0.00      0.03      0.00       0  stress-ng
01:38:54     1000   1927935      0.00      0.03      0.00       0  stress-ng
01:38:54     1000   1927936      0.00      0.03      0.00       0  stress-ng
01:38:54     1000   1927937      0.00      0.03      0.00       0  stress-ng
01:38:54     1000   1927938      0.00      0.03      0.00       0  stress-ng
01:38:54     1000   1927939      0.00      0.03      0.00       0  stress-ng
Linux 5.15.0-97-generic (dev-os) 	03/09/24 	_x86_64_	(4 CPU)

01:38:55      UID       PID   kB_rd/s   kB_wr/s kB_ccwr/s iodelay  Command
01:38:55     1000   1927930      0.00      0.03      0.00       0  stress-ng
01:38:55     1000   1927931      0.00      0.03      0.00       0  stress-ng
01:38:55     1000   1927932      0.00      0.03      0.00       0  stress-ng
01:38:55     1000   1927933      0.00      0.03      0.00       0  stress-ng
01:38:55     1000   1927934      0.00      0.03      0.00       0  stress-ng
01:38:55     1000   1927935      0.00      0.03      0.00       0  stress-ng
01:38:55     1000   1927936      0.00      0.03      0.00       0  stress-ng
01:38:55     1000   1927937      0.00      0.03      0.00       0  stress-ng
01:38:55     1000   1927938      0.00      0.03      0.00       0  stress-ng
01:38:55     1000   1927939      0.00      0.03      0.00       0  stress-ng
Linux 5.15.0-97-generic (dev-os) 	03/09/24 	_x86_64_	(4 CPU)

01:38:56      UID       PID   kB_rd/s   kB_wr/s kB_ccwr/s iodelay  Command
01:38:56     1000   1927930      0.00      0.03      0.00       0  stress-ng
01:38:56     1000   1927931      0.00      0.03      0.00       0  stress-ng
01:38:56     1000   1927932      0.00      0.03      0.00       0  stress-ng
01:38:56     1000   1927933      0.00      0.03      0.00       0  stress-ng
01:38:56     1000   1927934      0.00      0.03      0.00       0  stress-ng
01:38:56     1000   1927935      0.00      0.03      0.00       0  stress-ng
01:38:56     1000   1927936      0.00      0.03      0.00       0  stress-ng
01:38:56     1000   1927937      0.00      0.03      0.00       0  stress-ng
01:38:56     1000   1927938      0.00      0.03      0.00       0  stress-ng
01:38:56     1000   1927939      0.00      0.03      0.00       0  stress-ng
Linux 5.15.0-97-generic (dev-os) 	03/09/24 	_x86_64_	(4 CPU)

01:38:57      UID       PID   kB_rd/s   kB_wr/s kB_ccwr/s iodelay  Command
01:38:57     1000   1927930      0.00      0.03      0.00       0  stress-ng
01:38:57     1000   1927931      0.00      0.03      0.00       0  stress-ng
01:38:57     1000   1927932      0.00      0.03      0.00       0  stress-ng
01:38:57     1000   1927933      0.00      0.03      0.00       0  stress-ng
01:38:57     1000   1927934      0.00      0.03      0.00       0  stress-ng
01:38:57     1000   1927935      0.00      0.03      0.00       0  stress-ng
01:38:57     1000   1927936      0.00      0.03      0.00       0  stress-ng
01:38:57     1000   1927937      0.00      0.03      0.00       0  stress-ng
01:38:57     1000   1927938      0.00      0.03      0.00       0  stress-ng
01:38:57     1000   1927939      0.00      0.03      0.00       0  stress-ng
Linux 5.15.0-97-generic (dev-os) 	03/09/24 	_x86_64_	(4 CPU)

01:38:58      UID       PID   kB_rd/s   kB_wr/s kB_ccwr/s iodelay  Command
01:38:58     1000   1927930      0.00      0.03      0.00       0  stress-ng
01:38:58     1000   1927931      0.00      0.03      0.00       0  stress-ng
01:38:58     1000   1927932      0.00      0.03      0.00       0  stress-ng
01:38:58     1000   1927933      0.00      0.03      0.00       0  stress-ng
01:38:58     1000   1927934      0.00      0.03      0.00       0  stress-ng
01:38:58     1000   1927935      0.00      0.03      0.00       0  stress-ng
01:38:58     1000   1927936      0.00      0.03      0.00       0  stress-ng
01:38:58     1000   1927937      0.00      0.03      0.00       0  stress-ng
01:38:58     1000   1927938      0.00      0.03      0.00       0  stress-ng
01:38:58     1000   1927939      0.00      0.03      0.00       0  stress-ng
Linux 5.15.0-97-generic (dev-os) 	03/09/24 	_x86_64_	(4 CPU)

01:38:59      UID       PID   kB_rd/s   kB_wr/s kB_ccwr/s iodelay  Command
01:38:59     1000   1927930      0.00      0.03      0.00       0  stress-ng
01:38:59     1000   1927931      0.00      0.03      0.00       0  stress-ng
01:38:59     1000   1927932      0.00      0.03      0.00       0  stress-ng
01:38:59     1000   1927933      0.00      0.03      0.00       0  stress-ng
01:38:59     1000   1927934      0.00      0.03      0.00       0  stress-ng
01:38:59     1000   1927935      0.00      0.03      0.00       0  stress-ng
01:38:59     1000   1927936      0.00      0.03      0.00       0  stress-ng
01:38:59     1000   1927937      0.00      0.03      0.00       0  stress-ng
01:38:59     1000   1927938      0.00      0.03      0.00       0  stress-ng
01:38:59     1000   1927939      0.00      0.03      0.00       0  stress-ng
Linux 5.15.0-97-generic (dev-os) 	03/09/24 	_x86_64_	(4 CPU)

01:39:00      UID       PID   kB_rd/s   kB_wr/s kB_ccwr/s iodelay  Command
01:39:00     1000   1927930      0.00      0.03      0.00       0  stress-ng
01:39:00     1000   1927931      0.00      0.03      0.00       0  stress-ng
01:39:00     1000   1927932      0.00      0.03      0.00       0  stress-ng
01:39:00     1000   1927933      0.00      0.03      0.00       0  stress-ng
01:39:00     1000   1927934      0.00      0.03      0.00       0  stress-ng
01:39:00     1000   1927935      0.00      0.03      0.00       0  stress-ng
01:39:00     1000   1927936      0.00      0.03      0.00       0  stress-ng
01:39:00     1000   1927937      0.00      0.03      0.00       0  stress-ng
01:39:00     1000   1927938      0.00      0.03      0.00       0  stress-ng
01:39:00     1000   1927939      0.00      0.03      0.00       0  stress-ng
Linux 5.15.0-97-generic (dev-os) 	03/09/24 	_x86_64_	(4 CPU)

01:39:01      UID       PID   kB_rd/s   kB_wr/s kB_ccwr/s iodelay  Command
01:39:01     1000   1927930      0.00      0.03      0.00       0  stress-ng
01:39:01     1000   1927931      0.00      0.03      0.00       0  stress-ng
01:39:01     1000   1927932      0.00      0.03      0.00       0  stress-ng
01:39:01     1000   1927933      0.00      0.03      0.00       0  stress-ng
01:39:01     1000   1927934      0.00      0.03      0.00       0  stress-ng
01:39:01     1000   1927935      0.00      0.03      0.00       0  stress-ng
01:39:01     1000   1927936      0.00      0.03      0.00       0  stress-ng
01:39:01     1000   1927937      0.00      0.03      0.00       0  stress-ng
01:39:01     1000   1927938      0.00      0.03      0.00       0  stress-ng
01:39:01     1000   1927939      0.00      0.03      0.00       0  stress-ng
Linux 5.15.0-97-generic (dev-os) 	03/09/24 	_x86_64_	(4 CPU)

01:39:02      UID       PID   kB_rd/s   kB_wr/s kB_ccwr/s iodelay  Command
01:39:02     1000   1927930      0.00      0.03      0.00       0  stress-ng
01:39:02     1000   1927931      0.00      0.03      0.00       0  stress-ng
01:39:02     1000   1927932      0.00      0.03      0.00       0  stress-ng
01:39:02     1000   1927933      0.00      0.03      0.00       0  stress-ng
01:39:02     1000   1927934      0.00      0.03      0.00       0  stress-ng
01:39:02     1000   1927935      0.00      0.03      0.00       0  stress-ng
01:39:02     1000   1927936      0.00      0.04      0.00       0  stress-ng
01:39:02     1000   1927937      0.00      0.03      0.00       0  stress-ng
01:39:02     1000   1927938      0.00      0.03      0.00       0  stress-ng
01:39:02     1000   1927939      0.00      0.03      0.00       0  stress-ng
Linux 5.15.0-97-generic (dev-os) 	03/09/24 	_x86_64_	(4 CPU)

01:39:03      UID       PID   kB_rd/s   kB_wr/s kB_ccwr/s iodelay  Command
01:39:03     1000   1927930      0.00      0.03      0.00       0  stress-ng
01:39:03     1000   1927931      0.00      0.03      0.00       0  stress-ng
01:39:03     1000   1927932      0.00      0.03      0.00       0  stress-ng
01:39:03     1000   1927933      0.00      0.03      0.00       0  stress-ng
01:39:03     1000   1927934      0.00      0.03      0.00       0  stress-ng
01:39:03     1000   1927935      0.00      0.03      0.00       0  stress-ng
01:39:03     1000   1927936      0.00      0.04      0.00       0  stress-ng
01:39:03     1000   1927937      0.00      0.03      0.00       0  stress-ng
01:39:03     1000   1927938      0.00      0.03      0.00       0  stress-ng
01:39:03     1000   1927939      0.00      0.03      0.00       0  stress-ng
Linux 5.15.0-97-generic (dev-os) 	03/09/24 	_x86_64_	(4 CPU)

01:39:04      UID       PID   kB_rd/s   kB_wr/s kB_ccwr/s iodelay  Command
01:39:04     1000   1927930      0.00      0.03      0.00       0  stress-ng
01:39:04     1000   1927931      0.00      0.03      0.00       0  stress-ng
01:39:04     1000   1927932      0.00      0.03      0.00       0  stress-ng
01:39:04     1000   1927933      0.00      0.04      0.00       0  stress-ng
01:39:04     1000   1927934      0.00      0.04      0.00       0  stress-ng
01:39:04     1000   1927935      0.00      0.03      0.00       0  stress-ng
01:39:04     1000   1927936      0.00      0.04      0.00       0  stress-ng
01:39:04     1000   1927937      0.00      0.03      0.00       0  stress-ng
01:39:04     1000   1927938      0.00      0.03      0.00       0  stress-ng
01:39:04     1000   1927939      0.00      0.03      0.00       0  stress-ng
Linux 5.15.0-97-generic (dev-os) 	03/09/24 	_x86_64_	(4 CPU)

01:39:05      UID       PID   kB_rd/s   kB_wr/s kB_ccwr/s iodelay  Command
01:39:05     1000   1927930      0.00      0.03      0.00       0  stress-ng
01:39:05     1000   1927931      0.00      0.04      0.00       0  stress-ng
01:39:05     1000   1927932      0.00      0.04      0.00       0  stress-ng
01:39:05     1000   1927933      0.00      0.04      0.00       0  stress-ng
01:39:05     1000   1927934      0.00      0.04      0.00       0  stress-ng
01:39:05     1000   1927935      0.00      0.04      0.00       0  stress-ng
01:39:05     1000   1927936      0.00      0.04      0.00       0  stress-ng
01:39:05     1000   1927937      0.00      0.03      0.00       0  stress-ng
01:39:05     1000   1927938      0.00      0.04      0.00       0  stress-ng
01:39:05     1000   1927939      0.00      0.04      0.00       0  stress-ng
Linux 5.15.0-97-generic (dev-os) 	03/09/24 	_x86_64_	(4 CPU)

01:39:06      UID       PID   kB_rd/s   kB_wr/s kB_ccwr/s iodelay  Command
01:39:06     1000   1927930      0.00      0.04      0.00       0  stress-ng
01:39:06     1000   1927931      0.00      0.04      0.00       0  stress-ng
01:39:06     1000   1927932      0.00      0.04      0.00       0  stress-ng
01:39:06     1000   1927933      0.00      0.04      0.00       0  stress-ng
01:39:06     1000   1927934      0.00      0.04      0.00       0  stress-ng
01:39:06     1000   1927935      0.00      0.04      0.00       0  stress-ng
01:39:06     1000   1927936      0.00      0.04      0.00       0  stress-ng
01:39:06     1000   1927937      0.00      0.04      0.00       0  stress-ng
01:39:06     1000   1927938      0.00      0.04      0.00       0  stress-ng
01:39:06     1000   1927939      0.00      0.04      0.00       0  stress-ng
Linux 5.15.0-97-generic (dev-os) 	03/09/24 	_x86_64_	(4 CPU)

01:39:07      UID       PID   kB_rd/s   kB_wr/s kB_ccwr/s iodelay  Command
01:39:07     1000   1927930      0.00      0.04      0.00       0  stress-ng
01:39:07     1000   1927931      0.00      0.04      0.00       0  stress-ng
01:39:07     1000   1927932      0.00      0.04      0.00       0  stress-ng
01:39:07     1000   1927933      0.00      0.04      0.00       0  stress-ng
01:39:07     1000   1927934      0.00      0.04      0.00       0  stress-ng
01:39:07     1000   1927935      0.00      0.04      0.00       0  stress-ng
01:39:07     1000   1927936      0.00      0.04      0.00       0  stress-ng
01:39:07     1000   1927937      0.00      0.04      0.00       0  stress-ng
01:39:07     1000   1927938      0.00      0.04      0.00       0  stress-ng
01:39:07     1000   1927939      0.00      0.04      0.00       0  stress-ng
Linux 5.15.0-97-generic (dev-os) 	03/09/24 	_x86_64_	(4 CPU)

01:39:08      UID       PID   kB_rd/s   kB_wr/s kB_ccwr/s iodelay  Command
01:39:08     1000   1927930      0.00      0.04      0.00       0  stress-ng
01:39:08     1000   1927931      0.00      0.04      0.00       0  stress-ng
01:39:08     1000   1927932      0.00      0.04      0.00       0  stress-ng
01:39:08     1000   1927933      0.00      0.04      0.00       0  stress-ng
01:39:08     1000   1927934      0.00      0.04      0.00       0  stress-ng
01:39:08     1000   1927935      0.00      0.04      0.00       0  stress-ng
01:39:08     1000   1927936      0.00      0.04      0.00       0  stress-ng
01:39:08     1000   1927937      0.00      0.04      0.00       0  stress-ng
01:39:08     1000   1927938      0.00      0.04      0.00       0  stress-ng
01:39:08     1000   1927939      0.00      0.04      0.00       0  stress-ng
Linux 5.15.0-97-generic (dev-os) 	03/09/24 	_x86_64_	(4 CPU)

01:39:09      UID       PID   kB_rd/s   kB_wr/s kB_ccwr/s iodelay  Command
01:39:09     1000   1927930      0.00      0.04      0.00       0  stress-ng
01:39:09     1000   1927931      0.00      0.04      0.00       0  stress-ng
01:39:09     1000   1927932      0.00      0.04      0.00       0  stress-ng
01:39:09     1000   1927933      0.00      0.04      0.00       0  stress-ng
01:39:09     1000   1927934      0.00      0.04      0.00       0  stress-ng
01:39:09     1000   1927935      0.00      0.04      0.00       0  stress-ng
01:39:09     1000   1927936      0.00      0.04      0.00       0  stress-ng
01:39:09     1000   1927937      0.00      0.04      0.00       0  stress-ng
01:39:09     1000   1927938      0.00      0.04      0.00       0  stress-ng
01:39:09     1000   1927939      0.00      0.04      0.00       0  stress-ng
Linux 5.15.0-97-generic (dev-os) 	03/09/24 	_x86_64_	(4 CPU)

01:39:10      UID       PID   kB_rd/s   kB_wr/s kB_ccwr/s iodelay  Command
01:39:10     1000   1927930      0.00      0.04      0.00       0  stress-ng
01:39:10     1000   1927931      0.00      0.04      0.00       0  stress-ng
01:39:10     1000   1927932      0.00      0.04      0.00       0  stress-ng
01:39:10     1000   1927933      0.00      0.04      0.00       0  stress-ng
01:39:10     1000   1927934      0.00      0.04      0.00       0  stress-ng
01:39:10     1000   1927935      0.00      0.04      0.00       0  stress-ng
01:39:10     1000   1927936      0.00      0.04      0.00       0  stress-ng
01:39:10     1000   1927937      0.00      0.04      0.00       0  stress-ng
01:39:10     1000   1927938      0.00      0.04      0.00       0  stress-ng
01:39:10     1000   1927939      0.00      0.04      0.00       0  stress-ng
Linux 5.15.0-97-generic (dev-os) 	03/09/24 	_x86_64_	(4 CPU)

01:39:11      UID       PID   kB_rd/s   kB_wr/s kB_ccwr/s iodelay  Command
01:39:11     1000   1927930      0.00      0.04      0.00       0  stress-ng
01:39:11     1000   1927931      0.00      0.04      0.00       0  stress-ng
01:39:11     1000   1927932      0.00      0.04      0.00       0  stress-ng
01:39:11     1000   1927933      0.00      0.04      0.00       0  stress-ng
01:39:11     1000   1927934      0.00      0.04      0.00       0  stress-ng
01:39:11     1000   1927935      0.00      0.04      0.00       0  stress-ng
01:39:11     1000   1927936      0.00      0.04      0.00       0  stress-ng
01:39:11     1000   1927937      0.00      0.04      0.00       0  stress-ng
01:39:11     1000   1927938      0.00      0.04      0.00       0  stress-ng
01:39:11     1000   1927939      0.00      0.04      0.00       0  stress-ng
Linux 5.15.0-97-generic (dev-os) 	03/09/24 	_x86_64_	(4 CPU)

01:39:12      UID       PID   kB_rd/s   kB_wr/s kB_ccwr/s iodelay  Command
01:39:12     1000   1927930      0.00      0.04      0.00       0  stress-ng
01:39:12     1000   1927931      0.00      0.04      0.00       0  stress-ng
01:39:12     1000   1927932      0.00      0.04      0.00       0  stress-ng
01:39:12     1000   1927933      0.00      0.04      0.00       0  stress-ng
01:39:12     1000   1927934      0.00      0.04      0.00       0  stress-ng
01:39:12     1000   1927935      0.00      0.04      0.00       0  stress-ng
01:39:12     1000   1927936      0.00      0.04      0.00       0  stress-ng
01:39:12     1000   1927937      0.00      0.04      0.00       0  stress-ng
01:39:12     1000   1927938      0.00      0.04      0.00       0  stress-ng
01:39:12     1000   1927939      0.00      0.04      0.00       0  stress-ng
