Linux 5.15.0-97-generic (dev-os) 	03/09/24 	_x86_64_	(4 CPU)

avg-cpu:  %user   %nice %system %iowait  %steal   %idle
           5.67    0.04    2.37    0.36    0.00   91.55

Device             tps    kB_read/s    kB_wrtn/s    kB_dscd/s    kB_read    kB_wrtn    kB_dscd
loop0             0.00         0.00         0.00         0.00         17          0          0
loop1             0.01         0.07         0.00         0.00       2322          0          0
loop2             0.00         0.03         0.00         0.00       1080          0          0
loop3             0.00         0.04         0.00         0.00       1094          0          0
loop4             0.00         0.03         0.00         0.00        939          0          0
loop5             0.00         0.01         0.00         0.00        343          0          0
loop6             0.02         0.78         0.00         0.00      24295          0          0
loop7             0.00         0.00         0.00         0.00         14          0          0
sda              12.91        15.37       133.59        28.96     478810    4161741     902264
sr0               0.00         0.01         0.00         0.00        174          0          0


Linux 5.15.0-97-generic (dev-os) 	03/09/24 	_x86_64_	(4 CPU)

avg-cpu:  %user   %nice %system %iowait  %steal   %idle
           5.67    0.04    2.37    0.36    0.00   91.55

Device             tps    kB_read/s    kB_wrtn/s    kB_dscd/s    kB_read    kB_wrtn    kB_dscd
loop0             0.00         0.00         0.00         0.00         17          0          0
loop1             0.01         0.07         0.00         0.00       2322          0          0
loop2             0.00         0.03         0.00         0.00       1080          0          0
loop3             0.00         0.04         0.00         0.00       1094          0          0
loop4             0.00         0.03         0.00         0.00        939          0          0
loop5             0.00         0.01         0.00         0.00        343          0          0
loop6             0.02         0.78         0.00         0.00      24295          0          0
loop7             0.00         0.00         0.00         0.00         14          0          0
sda              12.92        15.37       133.68        28.96     478810    4164585     902264
sr0               0.00         0.01         0.00         0.00        174          0          0


Linux 5.15.0-97-generic (dev-os) 	03/09/24 	_x86_64_	(4 CPU)

avg-cpu:  %user   %nice %system %iowait  %steal   %idle
           5.67    0.04    2.38    0.36    0.00   91.55

Device             tps    kB_read/s    kB_wrtn/s    kB_dscd/s    kB_read    kB_wrtn    kB_dscd
loop0             0.00         0.00         0.00         0.00         17          0          0
loop1             0.01         0.07         0.00         0.00       2322          0          0
loop2             0.00         0.03         0.00         0.00       1080          0          0
loop3             0.00         0.04         0.00         0.00       1094          0          0
loop4             0.00         0.03         0.00         0.00        939          0          0
loop5             0.00         0.01         0.00         0.00        343          0          0
loop6             0.02         0.78         0.00         0.00      24295          0          0
loop7             0.00         0.00         0.00         0.00         14          0          0
sda              12.93        15.37       133.77        28.96     478810    4167733     902264
sr0               0.00         0.01         0.00         0.00        174          0          0


Linux 5.15.0-97-generic (dev-os) 	03/09/24 	_x86_64_	(4 CPU)

avg-cpu:  %user   %nice %system %iowait  %steal   %idle
           5.68    0.04    2.38    0.36    0.00   91.54

Device             tps    kB_read/s    kB_wrtn/s    kB_dscd/s    kB_read    kB_wrtn    kB_dscd
loop0             0.00         0.00         0.00         0.00         17          0          0
loop1             0.01         0.07         0.00         0.00       2322          0          0
loop2             0.00         0.03         0.00         0.00       1080          0          0
loop3             0.00         0.04         0.00         0.00       1094          0          0
loop4             0.00         0.03         0.00         0.00        939          0          0
loop5             0.00         0.01         0.00         0.00        343          0          0
loop6             0.02         0.78         0.00         0.00      24295          0          0
loop7             0.00         0.00         0.00         0.00         14          0          0
sda              12.95        15.37       133.88        28.96     478810    4171265     902264
sr0               0.00         0.01         0.00         0.00        174          0          0


Linux 5.15.0-97-generic (dev-os) 	03/09/24 	_x86_64_	(4 CPU)

avg-cpu:  %user   %nice %system %iowait  %steal   %idle
           5.68    0.04    2.38    0.36    0.00   91.54

Device             tps    kB_read/s    kB_wrtn/s    kB_dscd/s    kB_read    kB_wrtn    kB_dscd
loop0             0.00         0.00         0.00         0.00         17          0          0
loop1             0.01         0.07         0.00         0.00       2322          0          0
loop2             0.00         0.03         0.00         0.00       1080          0          0
loop3             0.00         0.04         0.00         0.00       1094          0          0
loop4             0.00         0.03         0.00         0.00        939          0          0
loop5             0.00         0.01         0.00         0.00        343          0          0
loop6             0.02         0.78         0.00         0.00      24295          0          0
loop7             0.00         0.00         0.00         0.00         14          0          0
sda              12.96        15.37       133.97        28.96     478810    4174189     902264
sr0               0.00         0.01         0.00         0.00        174          0          0


Linux 5.15.0-97-generic (dev-os) 	03/09/24 	_x86_64_	(4 CPU)

avg-cpu:  %user   %nice %system %iowait  %steal   %idle
           5.68    0.04    2.38    0.36    0.00   91.54

Device             tps    kB_read/s    kB_wrtn/s    kB_dscd/s    kB_read    kB_wrtn    kB_dscd
loop0             0.00         0.00         0.00         0.00         17          0          0
loop1             0.01         0.07         0.00         0.00       2322          0          0
loop2             0.00         0.03         0.00         0.00       1080          0          0
loop3             0.00         0.04         0.00         0.00       1094          0          0
loop4             0.00         0.03         0.00         0.00        939          0          0
loop5             0.00         0.01         0.00         0.00        343          0          0
loop6             0.02         0.78         0.00         0.00      24295          0          0
loop7             0.00         0.00         0.00         0.00         14          0          0
sda              12.98        15.37       134.26        28.96     478810    4183409     902264
sr0               0.00         0.01         0.00         0.00        174          0          0


Linux 5.15.0-97-generic (dev-os) 	03/09/24 	_x86_64_	(4 CPU)

avg-cpu:  %user   %nice %system %iowait  %steal   %idle
           5.68    0.04    2.38    0.36    0.00   91.53

Device             tps    kB_read/s    kB_wrtn/s    kB_dscd/s    kB_read    kB_wrtn    kB_dscd
loop0             0.00         0.00         0.00         0.00         17          0          0
loop1             0.01         0.07         0.00         0.00       2322          0          0
loop2             0.00         0.03         0.00         0.00       1080          0          0
loop3             0.00         0.04         0.00         0.00       1094          0          0
loop4             0.00         0.03         0.00         0.00        939          0          0
loop5             0.00         0.01         0.00         0.00        343          0          0
loop6             0.02         0.78         0.00         0.00      24295          0          0
loop7             0.00         0.00         0.00         0.00         14          0          0
sda              12.99        15.37       134.36        28.96     478810    4186553     902264
sr0               0.00         0.01         0.00         0.00        174          0          0


Linux 5.15.0-97-generic (dev-os) 	03/09/24 	_x86_64_	(4 CPU)

avg-cpu:  %user   %nice %system %iowait  %steal   %idle
           5.68    0.04    2.38    0.36    0.00   91.53

Device             tps    kB_read/s    kB_wrtn/s    kB_dscd/s    kB_read    kB_wrtn    kB_dscd
loop0             0.00         0.00         0.00         0.00         17          0          0
loop1             0.01         0.07         0.00         0.00       2322          0          0
loop2             0.00         0.03         0.00         0.00       1080          0          0
loop3             0.00         0.04         0.00         0.00       1094          0          0
loop4             0.00         0.03         0.00         0.00        939          0          0
loop5             0.00         0.01         0.00         0.00        343          0          0
loop6             0.02         0.78         0.00         0.00      24295          0          0
loop7             0.00         0.00         0.00         0.00         14          0          0
sda              13.00        15.37       134.45        28.95     478810    4189537     902264
sr0               0.00         0.01         0.00         0.00        174          0          0


Linux 5.15.0-97-generic (dev-os) 	03/09/24 	_x86_64_	(4 CPU)

avg-cpu:  %user   %nice %system %iowait  %steal   %idle
           5.69    0.04    2.38    0.36    0.00   91.53

Device             tps    kB_read/s    kB_wrtn/s    kB_dscd/s    kB_read    kB_wrtn    kB_dscd
loop0             0.00         0.00         0.00         0.00         17          0          0
loop1             0.01         0.07         0.00         0.00       2322          0          0
loop2             0.00         0.03         0.00         0.00       1080          0          0
loop3             0.00         0.04         0.00         0.00       1094          0          0
loop4             0.00         0.03         0.00         0.00        939          0          0
loop5             0.00         0.01         0.00         0.00        343          0          0
loop6             0.02         0.78         0.00         0.00      24295          0          0
loop7             0.00         0.00         0.00         0.00         14          0          0
sda              13.02        15.37       134.55        28.95     478810    4192889     902264
sr0               0.00         0.01         0.00         0.00        174          0          0


Linux 5.15.0-97-generic (dev-os) 	03/09/24 	_x86_64_	(4 CPU)

avg-cpu:  %user   %nice %system %iowait  %steal   %idle
           5.69    0.04    2.38    0.36    0.00   91.52

Device             tps    kB_read/s    kB_wrtn/s    kB_dscd/s    kB_read    kB_wrtn    kB_dscd
loop0             0.00         0.00         0.00         0.00         17          0          0
loop1             0.01         0.07         0.00         0.00       2322          0          0
loop2             0.00         0.03         0.00         0.00       1080          0          0
loop3             0.00         0.04         0.00         0.00       1094          0          0
loop4             0.00         0.03         0.00         0.00        939          0          0
loop5             0.00         0.01         0.00         0.00        343          0          0
loop6             0.02         0.78         0.00         0.00      24295          0          0
loop7             0.00         0.00         0.00         0.00         14          0          0
sda              13.03        15.36       134.71        28.95     478810    4197897     902264
sr0               0.00         0.01         0.00         0.00        174          0          0


Linux 5.15.0-97-generic (dev-os) 	03/09/24 	_x86_64_	(4 CPU)

avg-cpu:  %user   %nice %system %iowait  %steal   %idle
           5.69    0.04    2.39    0.36    0.00   91.52

Device             tps    kB_read/s    kB_wrtn/s    kB_dscd/s    kB_read    kB_wrtn    kB_dscd
loop0             0.00         0.00         0.00         0.00         17          0          0
loop1             0.01         0.07         0.00         0.00       2322          0          0
loop2             0.00         0.03         0.00         0.00       1080          0          0
loop3             0.00         0.04         0.00         0.00       1094          0          0
loop4             0.00         0.03         0.00         0.00        939          0          0
loop5             0.00         0.01         0.00         0.00        343          0          0
loop6             0.02         0.78         0.00         0.00      24295          0          0
loop7             0.00         0.00         0.00         0.00         14          0          0
sda              13.04        15.36       134.80        28.95     478810    4201045     902264
sr0               0.00         0.01         0.00         0.00        174          0          0


Linux 5.15.0-97-generic (dev-os) 	03/09/24 	_x86_64_	(4 CPU)

avg-cpu:  %user   %nice %system %iowait  %steal   %idle
           5.69    0.04    2.39    0.36    0.00   91.52

Device             tps    kB_read/s    kB_wrtn/s    kB_dscd/s    kB_read    kB_wrtn    kB_dscd
loop0             0.00         0.00         0.00         0.00         17          0          0
loop1             0.01         0.07         0.00         0.00       2322          0          0
loop2             0.00         0.03         0.00         0.00       1080          0          0
loop3             0.00         0.04         0.00         0.00       1094          0          0
loop4             0.00         0.03         0.00         0.00        939          0          0
loop5             0.00         0.01         0.00         0.00        343          0          0
loop6             0.02         0.78         0.00         0.00      24295          0          0
loop7             0.00         0.00         0.00         0.00         14          0          0
sda              13.06        15.36       134.90        28.95     478810    4204297     902264
sr0               0.00         0.01         0.00         0.00        174          0          0


Linux 5.15.0-97-generic (dev-os) 	03/09/24 	_x86_64_	(4 CPU)

avg-cpu:  %user   %nice %system %iowait  %steal   %idle
           5.69    0.04    2.39    0.36    0.00   91.51

Device             tps    kB_read/s    kB_wrtn/s    kB_dscd/s    kB_read    kB_wrtn    kB_dscd
loop0             0.00         0.00         0.00         0.00         17          0          0
loop1             0.01         0.07         0.00         0.00       2322          0          0
loop2             0.00         0.03         0.00         0.00       1080          0          0
loop3             0.00         0.04         0.00         0.00       1094          0          0
loop4             0.00         0.03         0.00         0.00        939          0          0
loop5             0.00         0.01         0.00         0.00        343          0          0
loop6             0.02         0.78         0.00         0.00      24295          0          0
loop7             0.00         0.00         0.00         0.00         14          0          0
sda              13.07        15.36       134.99        28.95     478810    4207269     902264
sr0               0.00         0.01         0.00         0.00        174          0          0


Linux 5.15.0-97-generic (dev-os) 	03/09/24 	_x86_64_	(4 CPU)

avg-cpu:  %user   %nice %system %iowait  %steal   %idle
           5.70    0.04    2.39    0.36    0.00   91.51

Device             tps    kB_read/s    kB_wrtn/s    kB_dscd/s    kB_read    kB_wrtn    kB_dscd
loop0             0.00         0.00         0.00         0.00         17          0          0
loop1             0.01         0.07         0.00         0.00       2322          0          0
loop2             0.00         0.03         0.00         0.00       1080          0          0
loop3             0.00         0.04         0.00         0.00       1094          0          0
loop4             0.00         0.03         0.00         0.00        939          0          0
loop5             0.00         0.01         0.00         0.00        343          0          0
loop6             0.02         0.78         0.00         0.00      24295          0          0
loop7             0.00         0.00         0.00         0.00         14          0          0
sda              13.08        15.36       135.09        28.95     478810    4210469     902264
sr0               0.00         0.01         0.00         0.00        174          0          0


Linux 5.15.0-97-generic (dev-os) 	03/09/24 	_x86_64_	(4 CPU)

avg-cpu:  %user   %nice %system %iowait  %steal   %idle
           5.70    0.04    2.39    0.36    0.00   91.51

Device             tps    kB_read/s    kB_wrtn/s    kB_dscd/s    kB_read    kB_wrtn    kB_dscd
loop0             0.00         0.00         0.00         0.00         17          0          0
loop1             0.01         0.07         0.00         0.00       2322          0          0
loop2             0.00         0.03         0.00         0.00       1080          0          0
loop3             0.00         0.04         0.00         0.00       1094          0          0
loop4             0.00         0.03         0.00         0.00        939          0          0
loop5             0.00         0.01         0.00         0.00        343          0          0
loop6             0.02         0.78         0.00         0.00      24295          0          0
loop7             0.00         0.00         0.00         0.00         14          0          0
sda              13.10        15.36       135.19        28.95     478810    4213629     902264
sr0               0.00         0.01         0.00         0.00        174          0          0


Linux 5.15.0-97-generic (dev-os) 	03/09/24 	_x86_64_	(4 CPU)

avg-cpu:  %user   %nice %system %iowait  %steal   %idle
           5.70    0.04    2.39    0.36    0.00   91.51

Device             tps    kB_read/s    kB_wrtn/s    kB_dscd/s    kB_read    kB_wrtn    kB_dscd
loop0             0.00         0.00         0.00         0.00         17          0          0
loop1             0.01         0.07         0.00         0.00       2322          0          0
loop2             0.00         0.03         0.00         0.00       1080          0          0
loop3             0.00         0.04         0.00         0.00       1094          0          0
loop4             0.00         0.03         0.00         0.00        939          0          0
loop5             0.00         0.01         0.00         0.00        343          0          0
loop6             0.02         0.78         0.00         0.00      24295          0          0
loop7             0.00         0.00         0.00         0.00         14          0          0
sda              13.11        15.36       135.29        28.95     478810    4216845     902264
sr0               0.00         0.01         0.00         0.00        174          0          0


Linux 5.15.0-97-generic (dev-os) 	03/09/24 	_x86_64_	(4 CPU)

avg-cpu:  %user   %nice %system %iowait  %steal   %idle
           5.70    0.04    2.39    0.36    0.00   91.50

Device             tps    kB_read/s    kB_wrtn/s    kB_dscd/s    kB_read    kB_wrtn    kB_dscd
loop0             0.00         0.00         0.00         0.00         17          0          0
loop1             0.01         0.07         0.00         0.00       2322          0          0
loop2             0.00         0.03         0.00         0.00       1080          0          0
loop3             0.00         0.04         0.00         0.00       1094          0          0
loop4             0.00         0.03         0.00         0.00        939          0          0
loop5             0.00         0.01         0.00         0.00        343          0          0
loop6             0.02         0.78         0.00         0.00      24295          0          0
loop7             0.00         0.00         0.00         0.00         14          0          0
sda              13.12        15.36       135.38        28.95     478810    4219993     902264
sr0               0.00         0.01         0.00         0.00        174          0          0


Linux 5.15.0-97-generic (dev-os) 	03/09/24 	_x86_64_	(4 CPU)

avg-cpu:  %user   %nice %system %iowait  %steal   %idle
           5.70    0.04    2.40    0.36    0.00   91.50

Device             tps    kB_read/s    kB_wrtn/s    kB_dscd/s    kB_read    kB_wrtn    kB_dscd
loop0             0.00         0.00         0.00         0.00         17          0          0
loop1             0.01         0.07         0.00         0.00       2322          0          0
loop2             0.00         0.03         0.00         0.00       1080          0          0
loop3             0.00         0.04         0.00         0.00       1094          0          0
loop4             0.00         0.03         0.00         0.00        939          0          0
loop5             0.00         0.01         0.00         0.00        343          0          0
loop6             0.02         0.78         0.00         0.00      24295          0          0
loop7             0.00         0.00         0.00         0.00         14          0          0
sda              13.14        15.36       135.48        28.95     478810    4223193     902264
sr0               0.00         0.01         0.00         0.00        174          0          0


Linux 5.15.0-97-generic (dev-os) 	03/09/24 	_x86_64_	(4 CPU)

avg-cpu:  %user   %nice %system %iowait  %steal   %idle
           5.70    0.04    2.40    0.36    0.00   91.50

Device             tps    kB_read/s    kB_wrtn/s    kB_dscd/s    kB_read    kB_wrtn    kB_dscd
loop0             0.00         0.00         0.00         0.00         17          0          0
loop1             0.01         0.07         0.00         0.00       2322          0          0
loop2             0.00         0.03         0.00         0.00       1080          0          0
loop3             0.00         0.04         0.00         0.00       1094          0          0
loop4             0.00         0.03         0.00         0.00        939          0          0
loop5             0.00         0.01         0.00         0.00        343          0          0
loop6             0.02         0.78         0.00         0.00      24295          0          0
loop7             0.00         0.00         0.00         0.00         14          0          0
sda              13.15        15.36       135.57        28.94     478810    4225973     902264
sr0               0.00         0.01         0.00         0.00        174          0          0


